2025-06-19T12:27:21.962831 - [2025-06-19T12:27:21.961853] Exit blocked for TCS.NS: ADX+MACD: 
2025-06-19T12:27:22.116781 - [2025-06-19T12:27:22.114895] Exit blocked for SUNPHARMA.NS: ADX+MACD: 
2025-06-19T12:27:22.234052 - [2025-06-19T12:27:22.233052] Exit blocked for TCS.NS: ADX+MACD: 
2025-06-19T12:27:22.420287 - [2025-06-19T12:27:22.419337] Exit blocked for SUNPHARMA.NS: ADX+MACD: 
2025-06-19T12:27:22.557224 - [2025-06-19T12:27:22.556277] Exit blocked for TCS.NS: ADX+MACD: 
2025-06-19T12:27:22.654928 - [2025-06-19T12:27:22.653916] Exit blocked for SUNPHARMA.NS: ADX+MACD: 
2025-06-19T12:27:22.884415 - [2025-06-19T12:27:22.883330] Exit blocked for TCS.NS: ADX+MACD: 
2025-06-19T12:27:23.026954 - [2025-06-19T12:27:23.025917] Exit blocked for SUNPHARMA.NS: ADX+MACD: 
2025-06-19T12:27:23.146688 - [2025-06-19T12:27:23.145717] Exit blocked for TCS.NS: ADX+MACD: 
2025-06-19T12:27:23.271523 - [2025-06-19T12:27:23.270505] Exit blocked for SUNPHARMA.NS: ADX+MACD: 
2025-06-19T12:27:24.127436 - [2025-06-19T12:27:24.126363] Exit blocked for TCS.NS: ADX+MACD: 
2025-06-19T12:27:24.281137 - [2025-06-19T12:27:24.280147] Exit blocked for SUNPHARMA.NS: ADX+MACD: 
2025-06-19T12:27:25.114613 - [2025-06-19T12:27:25.112597] Exit blocked for TCS.NS: ADX+MACD: 
2025-06-19T12:27:25.292892 - [2025-06-19T12:27:25.291870] Exit blocked for SUNPHARMA.NS: ADX+MACD: 
2025-06-19T12:27:26.129143 - [2025-06-19T12:27:26.127920] Exit blocked for TCS.NS: ADX+MACD: 
2025-06-19T12:27:26.267102 - [2025-06-19T12:27:26.267102] Exit blocked for SUNPHARMA.NS: ADX+MACD: 
2025-06-19T12:27:26.843076 - [2025-06-19T12:27:26.842072] Exit blocked for TCS.NS: ADX+MACD: 
2025-06-19T12:27:26.981523 - [2025-06-19T12:27:26.980524] Exit blocked for SUNPHARMA.NS: ADX+MACD: 
2025-06-19T12:27:27.604830 - [2025-06-19T12:27:27.603834] Exit blocked for TCS.NS: ADX+MACD: 
2025-06-19T12:27:27.734098 - [2025-06-19T12:27:27.733139] Exit blocked for SUNPHARMA.NS: ADX+MACD: 
2025-06-19T12:27:28.107095 - [2025-06-19T12:27:28.106091] Exit blocked for TCS.NS: ADX+MACD: 
2025-06-19T12:27:28.244178 - [2025-06-19T12:27:28.243173] Exit blocked for SUNPHARMA.NS: ADX+MACD: 
2025-06-19T12:27:28.872785 - [2025-06-19T12:27:28.872785] Exit blocked for TCS.NS: ADX+MACD: 
2025-06-19T12:27:29.005696 - [2025-06-19T12:27:29.004195] Exit blocked for SUNPHARMA.NS: ADX+MACD: 
2025-06-19T12:27:29.118095 - [2025-06-19T12:27:29.116784] Exit blocked for TCS.NS: ADX+MACD: 
2025-06-19T12:27:29.255255 - [2025-06-19T12:27:29.254268] Exit blocked for SUNPHARMA.NS: ADX+MACD: 
2025-06-19T12:27:29.854417 - [2025-06-19T12:27:29.853428] Exit blocked for TCS.NS: ADX+MACD: 
2025-06-19T12:27:29.952472 - [2025-06-19T12:27:29.951132] Exit blocked for SUNPHARMA.NS: ADX+MACD: 
2025-06-19T12:27:31.121538 - [2025-06-19T12:27:31.120309] Exit blocked for TCS.NS: ADX+MACD: 
2025-06-19T12:27:31.215751 - [2025-06-19T12:27:31.214754] Exit blocked for SUNPHARMA.NS: ADX+MACD: 
2025-06-19T12:27:31.879549 - [2025-06-19T12:27:31.878584] Exit blocked for TCS.NS: ADX+MACD: 
2025-06-19T12:27:31.998044 - [2025-06-19T12:27:31.997034] Exit blocked for SUNPHARMA.NS: ADX+MACD: 
2025-06-19T12:27:32.364869 - [2025-06-19T12:27:32.363362] Exit blocked for TCS.NS: ADX+MACD: 
2025-06-19T12:27:32.468333 - [2025-06-19T12:27:32.468333] Exit blocked for SUNPHARMA.NS: ADX+MACD: 
2025-06-19T12:27:33.118985 - [2025-06-19T12:27:33.118024] Exit blocked for TCS.NS: ADX+MACD: 
2025-06-19T12:27:33.242757 - [2025-06-19T12:27:33.241761] Exit blocked for SUNPHARMA.NS: ADX+MACD: 
2025-06-19T12:27:33.639613 - [2025-06-19T12:27:33.637613] Exit blocked for TCS.NS: ADX+MACD: 
2025-06-19T12:27:33.768759 - [2025-06-19T12:27:33.767763] Exit blocked for SUNPHARMA.NS: ADX+MACD: 
2025-06-19T12:27:34.133444 - [2025-06-19T12:27:34.132426] Exit blocked for TCS.NS: ADX+MACD: 
2025-06-19T12:27:34.296086 - [2025-06-19T12:27:34.295017] Exit blocked for SUNPHARMA.NS: ADX+MACD: 
2025-06-19T12:27:35.125616 - [2025-06-19T12:27:35.124514] Exit blocked for TCS.NS: ADX+MACD: 
2025-06-19T12:27:35.255453 - [2025-06-19T12:27:35.254451] Exit blocked for SUNPHARMA.NS: ADX+MACD: 
2025-06-19T12:27:36.119970 - [2025-06-19T12:27:36.118975] Exit blocked for TCS.NS: ADX+MACD: 
2025-06-19T12:27:36.248161 - [2025-06-19T12:27:36.247113] Exit blocked for SUNPHARMA.NS: ADX+MACD: 
2025-06-19T12:27:36.862833 - [2025-06-19T12:27:36.861835] Exit blocked for TCS.NS: ADX+MACD: 
2025-06-19T12:27:36.990126 - [2025-06-19T12:27:36.989127] Exit blocked for SUNPHARMA.NS: ADX+MACD: 
2025-06-19T12:27:37.869776 - [2025-06-19T12:27:37.868788] Exit blocked for TCS.NS: ADX+MACD: 
2025-06-19T12:27:38.015342 - [2025-06-19T12:27:38.014342] Exit blocked for SUNPHARMA.NS: ADX+MACD: 
2025-06-19T12:27:38.356258 - [2025-06-19T12:27:38.355208] Exit blocked for TCS.NS: ADX+MACD: 
2025-06-19T12:27:38.455062 - [2025-06-19T12:27:38.454062] Exit blocked for SUNPHARMA.NS: ADX+MACD: 
2025-06-19T12:27:39.125330 - [2025-06-19T12:27:39.124166] Exit blocked for TCS.NS: ADX+MACD: 
2025-06-19T12:27:39.218784 - [2025-06-19T12:27:39.217776] Exit blocked for SUNPHARMA.NS: ADX+MACD: 
2025-06-19T12:27:40.113695 - [2025-06-19T12:27:40.112699] Exit blocked for TCS.NS: ADX+MACD: 
2025-06-19T12:27:40.248614 - [2025-06-19T12:27:40.247619] Exit blocked for SUNPHARMA.NS: ADX+MACD: 
2025-06-19T12:27:41.122052 - [2025-06-19T12:27:41.122052] Exit blocked for TCS.NS: ADX+MACD: 
2025-06-19T12:27:41.243463 - [2025-06-19T12:27:41.242460] Exit blocked for SUNPHARMA.NS: ADX+MACD: 
2025-06-19T12:27:42.100211 - [2025-06-19T12:27:42.098728] Exit blocked for TCS.NS: ADX+MACD: 
2025-06-19T12:27:42.223939 - [2025-06-19T12:27:42.222933] Exit blocked for SUNPHARMA.NS: ADX+MACD: 
2025-06-19T12:27:42.336312 - [2025-06-19T12:27:42.334316] Exit blocked for TCS.NS: ADX+MACD: 
2025-06-19T12:27:42.468949 - [2025-06-19T12:27:42.467988] Exit blocked for SUNPHARMA.NS: ADX+MACD: 
2025-06-19T12:27:43.127174 - [2025-06-19T12:27:43.126084] Exit blocked for TCS.NS: ADX+MACD: 
2025-06-19T12:27:43.237840 - [2025-06-19T12:27:43.236831] Exit blocked for SUNPHARMA.NS: ADX+MACD: 
2025-06-19T12:27:43.397390 - [2025-06-19T12:27:43.396062] Exit blocked for TCS.NS: ADX+MACD: 
2025-06-19T12:27:43.506428 - [2025-06-19T12:27:43.504997] Exit blocked for SUNPHARMA.NS: ADX+MACD: 
2025-06-19T12:27:43.865459 - [2025-06-19T12:27:43.865459] Exit blocked for TCS.NS: ADX+MACD: 
2025-06-19T12:27:43.971664 - [2025-06-19T12:27:43.970674] Exit blocked for SUNPHARMA.NS: ADX+MACD: 
2025-06-19T12:27:44.858179 - [2025-06-19T12:27:44.857172] Exit blocked for TCS.NS: ADX+MACD: 
2025-06-19T12:27:44.961492 - [2025-06-19T12:27:44.959490] Exit blocked for SUNPHARMA.NS: ADX+MACD: 
2025-06-19T12:27:46.683551 - [2025-06-19T12:27:46.682531] Exit blocked for TCS.NS: ADX+MACD: 
2025-06-19T12:27:46.829777 - [2025-06-19T12:27:46.828812] Exit blocked for SUNPHARMA.NS: ADX+MACD: 
2025-06-19T12:27:46.972009 - [2025-06-19T12:27:46.969785] Exit blocked for TCS.NS: ADX+MACD: 
2025-06-19T12:27:47.116946 - [2025-06-19T12:27:47.115947] Exit blocked for SUNPHARMA.NS: ADX+MACD: 
2025-06-19T12:27:48.120626 - [2025-06-19T12:27:48.119620] Exit blocked for TCS.NS: ADX+MACD: 
2025-06-19T12:27:48.235433 - [2025-06-19T12:27:48.234432] Exit blocked for SUNPHARMA.NS: ADX+MACD: 
2025-06-19T12:27:48.359686 - [2025-06-19T12:27:48.358684] Exit blocked for TCS.NS: ADX+MACD: 
2025-06-19T12:27:48.495791 - [2025-06-19T12:27:48.494526] Exit blocked for SUNPHARMA.NS: ADX+MACD: 
2025-06-19T12:27:49.129600 - [2025-06-19T12:27:49.127601] Exit blocked for TCS.NS: ADX+MACD: 
2025-06-19T12:27:49.251902 - [2025-06-19T12:27:49.249753] Exit blocked for SUNPHARMA.NS: ADX+MACD: 
2025-06-19T12:27:50.155438 - [2025-06-19T12:27:50.154426] Exit blocked for TCS.NS: ADX+MACD: 
2025-06-19T12:27:50.286865 - [2025-06-19T12:27:50.284859] Exit blocked for SUNPHARMA.NS: ADX+MACD: 
2025-06-19T12:27:50.856102 - [2025-06-19T12:27:50.854102] Exit blocked for TCS.NS: ADX+MACD: 
2025-06-19T12:27:50.970948 - [2025-06-19T12:27:50.969947] Exit blocked for SUNPHARMA.NS: ADX+MACD: 
2025-06-19T12:27:51.865689 - [2025-06-19T12:27:51.862693] Exit blocked for TCS.NS: ADX+MACD: 
2025-06-19T12:27:52.003678 - [2025-06-19T12:27:52.001678] Exit blocked for SUNPHARMA.NS: ADX+MACD: 
2025-06-19T12:27:52.108336 - [2025-06-19T12:27:52.107337] Exit blocked for TCS.NS: ADX+MACD: 
2025-06-19T12:27:52.248864 - [2025-06-19T12:27:52.247864] Exit blocked for SUNPHARMA.NS: ADX+MACD: 
2025-06-19T12:27:52.869970 - [2025-06-19T12:27:52.866971] Exit blocked for TCS.NS: ADX+MACD: 
2025-06-19T12:27:52.998549 - [2025-06-19T12:27:52.996544] Exit blocked for SUNPHARMA.NS: ADX+MACD: 
2025-06-19T12:27:53.348295 - [2025-06-19T12:27:53.347300] Exit blocked for TCS.NS: ADX+MACD: 
2025-06-19T12:27:53.501765 - [2025-06-19T12:27:53.499761] Exit blocked for SUNPHARMA.NS: ADX+MACD: 
2025-06-19T12:27:54.088666 - [2025-06-19T12:27:54.087665] Exit blocked for TCS.NS: ADX+MACD: 
2025-06-19T12:27:54.245564 - [2025-06-19T12:27:54.244555] Exit blocked for SUNPHARMA.NS: ADX+MACD: 
2025-06-19T12:27:55.132708 - [2025-06-19T12:27:55.130661] Exit blocked for TCS.NS: ADX+MACD: 
2025-06-19T12:27:55.289702 - [2025-06-19T12:27:55.287247] Exit blocked for SUNPHARMA.NS: ADX+MACD: 
2025-06-19T12:27:56.119585 - [2025-06-19T12:27:56.117448] Exit blocked for TCS.NS: ADX+MACD: 
2025-06-19T12:27:56.234993 - [2025-06-19T12:27:56.232999] Exit blocked for SUNPHARMA.NS: ADX+MACD: 
2025-06-19T12:27:57.107911 - [2025-06-19T12:27:57.104387] Exit blocked for TCS.NS: ADX+MACD: 
2025-06-19T12:27:57.266999 - [2025-06-19T12:27:57.264967] Exit blocked for SUNPHARMA.NS: ADX+MACD: 
2025-06-19T12:27:57.851006 - [2025-06-19T12:27:57.851006] Exit blocked for TCS.NS: ADX+MACD: 
2025-06-19T12:27:58.001632 - [2025-06-19T12:27:57.999623] Exit blocked for SUNPHARMA.NS: ADX+MACD: 
2025-06-19T12:27:58.357206 - [2025-06-19T12:27:58.355204] Exit blocked for TCS.NS: ADX+MACD: 
2025-06-19T12:27:58.587216 - [2025-06-19T12:27:58.585756] Exit blocked for SUNPHARMA.NS: ADX+MACD: 
2025-06-19T12:27:58.900393 - [2025-06-19T12:27:58.898366] Exit blocked for TCS.NS: ADX+MACD: 
2025-06-19T12:27:59.040462 - [2025-06-19T12:27:59.038449] Exit blocked for SUNPHARMA.NS: ADX+MACD: 
2025-06-19T12:27:59.910598 - [2025-06-19T12:27:59.908541] Exit blocked for TCS.NS: ADX+MACD: 
2025-06-19T12:28:00.075337 - [2025-06-19T12:28:00.071981] Exit blocked for SUNPHARMA.NS: ADX+MACD: 
2025-06-19T12:28:00.883488 - [2025-06-19T12:28:00.882532] Exit blocked for TCS.NS: ADX+MACD: 
2025-06-19T12:28:01.038641 - [2025-06-19T12:28:01.037673] Exit blocked for SUNPHARMA.NS: ADX+MACD: 
2025-06-19T12:28:01.181186 - [2025-06-19T12:28:01.179188] Exit blocked for TCS.NS: ADX+MACD: 
2025-06-19T12:28:01.333684 - [2025-06-19T12:28:01.331652] Exit blocked for SUNPHARMA.NS: ADX+MACD: 
2025-06-19T12:28:01.493302 - [2025-06-19T12:28:01.492290] Exit blocked for TCS.NS: ADX+MACD: 
2025-06-19T12:28:01.620944 - [2025-06-19T12:28:01.619930] Exit blocked for SUNPHARMA.NS: ADX+MACD: 
2025-06-19T12:28:01.881586 - [2025-06-19T12:28:01.879450] Exit blocked for TCS.NS: ADX+MACD: 
2025-06-19T12:28:01.997310 - [2025-06-19T12:28:01.995304] Exit blocked for SUNPHARMA.NS: ADX+MACD: 
2025-06-19T12:28:02.179850 - [2025-06-19T12:28:02.178713] Exit blocked for TCS.NS: ADX+MACD: 
2025-06-19T12:28:02.382554 - [2025-06-19T12:28:02.381236] Exit blocked for SUNPHARMA.NS: ADX+MACD: 
2025-06-19T12:28:03.135871 - [2025-06-19T12:28:03.134619] Exit blocked for TCS.NS: ADX+MACD: 
2025-06-19T12:28:03.296670 - [2025-06-19T12:28:03.294156] Exit blocked for SUNPHARMA.NS: ADX+MACD: 
2025-06-19T12:28:03.454574 - [2025-06-19T12:28:03.453574] Exit blocked for TCS.NS: ADX+MACD: 
2025-06-19T12:28:03.600866 - [2025-06-19T12:28:03.598866] Exit blocked for SUNPHARMA.NS: ADX+MACD: 
2025-06-19T12:28:03.928261 - [2025-06-19T12:28:03.925262] Exit blocked for TCS.NS: ADX+MACD: 
2025-06-19T12:28:04.066579 - [2025-06-19T12:28:04.065582] Exit blocked for SUNPHARMA.NS: ADX+MACD: 
2025-06-19T12:28:04.390965 - [2025-06-19T12:28:04.389966] Exit blocked for TCS.NS: ADX+MACD: 
2025-06-19T12:28:04.516784 - [2025-06-19T12:28:04.515793] Exit blocked for SUNPHARMA.NS: ADX+MACD: 
2025-06-19T12:28:04.667097 - [2025-06-19T12:28:04.666098] Exit blocked for TCS.NS: ADX+MACD: 
2025-06-19T12:28:04.759792 - [2025-06-19T12:28:04.758794] Exit blocked for SUNPHARMA.NS: ADX+MACD: 
2025-06-19T12:34:30.566459 - [2025-06-19T12:34:30.565467] Exit blocked for TCS.NS: 
2025-06-19T12:34:30.680249 - [2025-06-19T12:34:30.679244] Exit blocked for SUNPHARMA.NS: ADX+MACD: 
2025-06-19T12:34:30.796768 - [2025-06-19T12:34:30.795762] Exit blocked for TCS.NS: 
2025-06-19T12:34:30.896309 - [2025-06-19T12:34:30.895303] Exit blocked for SUNPHARMA.NS: ADX+MACD: 
2025-06-19T12:34:31.015048 - [2025-06-19T12:34:31.013047] Exit blocked for TCS.NS: 
2025-06-19T12:34:31.125611 - [2025-06-19T12:34:31.124611] Exit blocked for SUNPHARMA.NS: ADX+MACD: 
2025-06-19T12:34:31.232698 - [2025-06-19T12:34:31.231697] Exit blocked for TCS.NS: 
2025-06-19T12:34:31.337105 - [2025-06-19T12:34:31.336105] Exit blocked for SUNPHARMA.NS: ADX+MACD: 
2025-06-19T12:34:31.458451 - [2025-06-19T12:34:31.457280] Exit blocked for TCS.NS: 
2025-06-19T12:34:31.554542 - [2025-06-19T12:34:31.553542] Exit blocked for SUNPHARMA.NS: ADX+MACD: 
2025-06-19T12:34:31.675246 - [2025-06-19T12:34:31.674051] Exit blocked for TCS.NS: 
2025-06-19T12:34:31.794824 - [2025-06-19T12:34:31.793824] Exit blocked for SUNPHARMA.NS: ADX+MACD: 
2025-06-19T12:34:31.910751 - [2025-06-19T12:34:31.908753] Exit blocked for TCS.NS: 
2025-06-19T12:34:32.034328 - [2025-06-19T12:34:32.033412] Exit blocked for SUNPHARMA.NS: ADX+MACD: 
2025-06-19T12:34:32.132895 - [2025-06-19T12:34:32.131866] Exit blocked for TCS.NS: 
2025-06-19T12:34:32.235796 - [2025-06-19T12:34:32.234785] Exit blocked for SUNPHARMA.NS: ADX+MACD: 
2025-06-19T12:34:32.349749 - [2025-06-19T12:34:32.349749] Exit blocked for TCS.NS: 
2025-06-19T12:34:32.457086 - [2025-06-19T12:34:32.455956] Exit blocked for SUNPHARMA.NS: ADX+MACD: 
2025-06-19T12:34:32.581490 - [2025-06-19T12:34:32.580489] Exit blocked for TCS.NS: 
2025-06-19T12:34:32.697769 - [2025-06-19T12:34:32.696258] Exit blocked for SUNPHARMA.NS: ADX+MACD: 
2025-06-19T12:34:32.822587 - [2025-06-19T12:34:32.821589] Exit blocked for TCS.NS: 
2025-06-19T12:34:32.944270 - [2025-06-19T12:34:32.943664] Exit blocked for SUNPHARMA.NS: ADX+MACD: 
2025-06-19T12:34:33.058362 - [2025-06-19T12:34:33.056361] Exit blocked for TCS.NS: 
2025-06-19T12:34:33.158399 - [2025-06-19T12:34:33.157431] Exit blocked for SUNPHARMA.NS: ADX+MACD: 
2025-06-19T12:34:33.274811 - [2025-06-19T12:34:33.273809] Exit blocked for TCS.NS: 
2025-06-19T12:41:10.219597 - [2025-06-19T12:41:10.218599] Exit blocked for TCS.NS: 
2025-06-19T12:41:10.372137 - [2025-06-19T12:41:10.370114] Exit blocked for SUNPHARMA.NS: ADX+MACD: 
2025-06-19T12:41:10.497857 - [2025-06-19T12:41:10.496888] Exit blocked for TCS.NS: 
2025-06-19T12:41:10.581964 - [2025-06-19T12:41:10.580951] Exit blocked for SUNPHARMA.NS: ADX+MACD: 
2025-06-19T12:41:33.694323 - [2025-06-19T12:41:33.692322] Exit blocked for TCS.NS: ADX+MACD: Missing ADX or MACD values
2025-06-19T12:41:34.551363 - [2025-06-19T12:41:34.549365] Exit blocked for SUNPHARMA.NS: ADX+MACD: Missing ADX or MACD values
2025-06-19T12:41:36.004088 - [2025-06-19T12:41:36.002087] Exit blocked for TCS.NS: ADX+MACD: Missing ADX or MACD values
2025-06-19T12:41:36.646646 - [2025-06-19T12:41:36.644646] Exit blocked for SUNPHARMA.NS: ADX+MACD: Missing ADX or MACD values
2025-06-19T12:41:37.391226 - [2025-06-19T12:41:37.389224] Exit blocked for TCS.NS: ADX+MACD: Missing ADX or MACD values
2025-06-19T12:41:38.069510 - [2025-06-19T12:41:38.067509] Exit blocked for SUNPHARMA.NS: ADX+MACD: Missing ADX or MACD values
2025-06-19T12:41:38.689253 - [2025-06-19T12:41:38.687254] Exit blocked for TCS.NS: ADX+MACD: Missing ADX or MACD values
2025-06-19T12:41:47.195155 - [2025-06-19T12:41:47.194156] Exit blocked for SUNPHARMA.NS: ADX+MACD: Missing ADX or MACD values
2025-06-19T12:41:47.323812 - [2025-06-19T12:41:47.321779] Exit blocked for TCS.NS: ADX+MACD: Missing ADX or MACD values
2025-06-19T12:41:47.438950 - [2025-06-19T12:41:47.437939] Exit blocked for SUNPHARMA.NS: ADX+MACD: Missing ADX or MACD values
2025-06-19T12:41:47.545984 - [2025-06-19T12:41:47.544381] Exit blocked for TCS.NS: ADX+MACD: Missing ADX or MACD values
2025-06-19T12:41:47.652410 - [2025-06-19T12:41:47.651411] Exit blocked for SUNPHARMA.NS: ADX+MACD: Missing ADX or MACD values
2025-06-19T12:41:47.770050 - [2025-06-19T12:41:47.768050] Exit blocked for TCS.NS: ADX+MACD: Missing ADX or MACD values
2025-06-19T12:41:47.899983 - [2025-06-19T12:41:47.898968] Exit blocked for SUNPHARMA.NS: ADX+MACD: Missing ADX or MACD values
2025-06-19T12:41:48.001825 - [2025-06-19T12:41:48.000827] Exit blocked for TCS.NS: ADX+MACD: Missing ADX or MACD values
2025-06-19T12:41:48.123818 - [2025-06-19T12:41:48.122818] Exit blocked for SUNPHARMA.NS: ADX+MACD: Missing ADX or MACD values
2025-06-19T12:41:48.232033 - [2025-06-19T12:41:48.230016] Exit blocked for TCS.NS: ADX+MACD: Missing ADX or MACD values
2025-06-19T12:41:48.356019 - [2025-06-19T12:41:48.355018] Exit blocked for SUNPHARMA.NS: ADX+MACD: Missing ADX or MACD values
2025-06-19T12:41:48.479771 - [2025-06-19T12:41:48.478770] Exit blocked for TCS.NS: ADX+MACD: Missing ADX or MACD values
2025-06-19T12:41:48.589546 - [2025-06-19T12:41:48.587547] Exit blocked for SUNPHARMA.NS: ADX+MACD: Missing ADX or MACD values
2025-06-19T12:41:48.704804 - [2025-06-19T12:41:48.703806] Exit blocked for TCS.NS: ADX+MACD: Missing ADX or MACD values
2025-06-19T12:41:48.813705 - [2025-06-19T12:41:48.812705] Exit blocked for SUNPHARMA.NS: ADX+MACD: Missing ADX or MACD values
2025-06-19T12:41:48.942190 - [2025-06-19T12:41:48.940213] Exit blocked for TCS.NS: ADX+MACD: Missing ADX or MACD values
2025-06-19T12:41:49.046954 - [2025-06-19T12:41:49.044953] Exit blocked for SUNPHARMA.NS: ADX+MACD: Missing ADX or MACD values
2025-06-19T12:41:49.172291 - [2025-06-19T12:41:49.167294] Exit blocked for TCS.NS: ADX+MACD: Missing ADX or MACD values
2025-06-19T12:41:49.307868 - [2025-06-19T12:41:49.306858] Exit blocked for SUNPHARMA.NS: ADX+MACD: Missing ADX or MACD values
2025-06-19T12:41:49.422544 - [2025-06-19T12:41:49.420545] Exit blocked for TCS.NS: ADX+MACD: Missing ADX or MACD values
2025-06-19T12:41:49.534168 - [2025-06-19T12:41:49.533169] Exit blocked for SUNPHARMA.NS: ADX+MACD: Missing ADX or MACD values
2025-06-19T12:41:49.652582 - [2025-06-19T12:41:49.651569] Exit blocked for TCS.NS: ADX+MACD: Missing ADX or MACD values
2025-06-19T12:41:49.758148 - [2025-06-19T12:41:49.757148] Exit blocked for SUNPHARMA.NS: ADX+MACD: Missing ADX or MACD values
2025-06-19T12:41:49.871851 - [2025-06-19T12:41:49.870882] Exit blocked for TCS.NS: ADX+MACD: Missing ADX or MACD values
2025-06-19T12:41:50.033212 - [2025-06-19T12:41:50.032251] Exit blocked for SUNPHARMA.NS: ADX+MACD: Missing ADX or MACD values
2025-06-19T12:41:50.157147 - [2025-06-19T12:41:50.156147] Exit blocked for TCS.NS: ADX+MACD: Missing ADX or MACD values
2025-06-19T12:41:50.268475 - [2025-06-19T12:41:50.267493] Exit blocked for SUNPHARMA.NS: ADX+MACD: Missing ADX or MACD values
2025-06-19T12:41:50.378949 - [2025-06-19T12:41:50.377976] Exit blocked for TCS.NS: ADX+MACD: Missing ADX or MACD values
2025-06-19T12:41:50.483903 - [2025-06-19T12:41:50.482924] Exit blocked for SUNPHARMA.NS: ADX+MACD: Missing ADX or MACD values
2025-06-19T12:41:50.596642 - [2025-06-19T12:41:50.595632] Exit blocked for TCS.NS: ADX+MACD: Missing ADX or MACD values
2025-06-19T12:41:50.723114 - [2025-06-19T12:41:50.722127] Exit blocked for SUNPHARMA.NS: ADX+MACD: Missing ADX or MACD values
2025-06-19T12:41:50.836416 - [2025-06-19T12:41:50.834415] Exit blocked for TCS.NS: ADX+MACD: Missing ADX or MACD values
2025-06-19T12:41:50.929448 - [2025-06-19T12:41:50.928286] Exit blocked for SUNPHARMA.NS: ADX+MACD: Missing ADX or MACD values
2025-06-19T12:41:51.033847 - [2025-06-19T12:41:51.032846] Exit blocked for TCS.NS: ADX+MACD: Missing ADX or MACD values
2025-06-19T12:41:51.323888 - [2025-06-19T12:41:51.322889] Exit blocked for SUNPHARMA.NS: ADX+MACD: Missing ADX or MACD values
2025-06-19T12:41:51.452068 - [2025-06-19T12:41:51.451068] Exit blocked for TCS.NS: ADX+MACD: Missing ADX or MACD values
2025-06-19T12:41:51.576183 - [2025-06-19T12:41:51.574182] Exit blocked for SUNPHARMA.NS: ADX+MACD: Missing ADX or MACD values
2025-06-19T12:41:51.704907 - [2025-06-19T12:41:51.703909] Exit blocked for TCS.NS: ADX+MACD: Missing ADX or MACD values
2025-06-19T12:41:51.812109 - [2025-06-19T12:41:51.810110] Exit blocked for SUNPHARMA.NS: ADX+MACD: Missing ADX or MACD values
2025-06-19T12:41:51.963373 - [2025-06-19T12:41:51.962378] Exit blocked for TCS.NS: ADX+MACD: Missing ADX or MACD values
2025-06-19T12:41:52.079846 - [2025-06-19T12:41:52.077832] Exit blocked for SUNPHARMA.NS: ADX+MACD: Missing ADX or MACD values
2025-06-19T12:41:52.177919 - [2025-06-19T12:41:52.175920] Exit blocked for TCS.NS: ADX+MACD: Missing ADX or MACD values
2025-06-19T12:41:52.324094 - [2025-06-19T12:41:52.322093] Exit blocked for SUNPHARMA.NS: ADX+MACD: Missing ADX or MACD values
2025-06-19T12:41:52.494075 - [2025-06-19T12:41:52.492069] Exit blocked for TCS.NS: ADX+MACD: Missing ADX or MACD values
2025-06-19T12:41:52.628073 - [2025-06-19T12:41:52.626075] Exit blocked for SUNPHARMA.NS: ADX+MACD: Missing ADX or MACD values
2025-06-19T12:41:52.729031 - [2025-06-19T12:41:52.728029] Exit blocked for TCS.NS: ADX+MACD: Missing ADX or MACD values
2025-06-19T12:41:52.845682 - [2025-06-19T12:41:52.845471] Exit blocked for SUNPHARMA.NS: ADX+MACD: Missing ADX or MACD values
2025-06-19T12:41:52.968184 - [2025-06-19T12:41:52.966182] Exit blocked for TCS.NS: ADX+MACD: Missing ADX or MACD values
2025-06-19T12:41:53.086961 - [2025-06-19T12:41:53.085959] Exit blocked for SUNPHARMA.NS: ADX+MACD: Missing ADX or MACD values
2025-06-19T12:41:53.214856 - [2025-06-19T12:41:53.212856] Exit blocked for TCS.NS: ADX+MACD: Missing ADX or MACD values
2025-06-19T12:41:53.314857 - [2025-06-19T12:41:53.313858] Exit blocked for SUNPHARMA.NS: ADX+MACD: Missing ADX or MACD values
2025-06-19T12:41:53.445513 - [2025-06-19T12:41:53.444383] Exit blocked for TCS.NS: ADX+MACD: Missing ADX or MACD values
2025-06-19T12:41:53.572245 - [2025-06-19T12:41:53.570245] Exit blocked for SUNPHARMA.NS: ADX+MACD: Missing ADX or MACD values
2025-06-19T12:41:53.697533 - [2025-06-19T12:41:53.696560] Exit blocked for TCS.NS: ADX+MACD: Missing ADX or MACD values
2025-06-19T12:41:53.792850 - [2025-06-19T12:41:53.791848] Exit blocked for SUNPHARMA.NS: ADX+MACD: Missing ADX or MACD values
2025-06-19T12:41:53.952874 - [2025-06-19T12:41:53.951873] Exit blocked for TCS.NS: ADX+MACD: Missing ADX or MACD values
2025-06-19T12:41:54.071476 - [2025-06-19T12:41:54.070514] Exit blocked for SUNPHARMA.NS: ADX+MACD: Missing ADX or MACD values
2025-06-19T12:41:54.195701 - [2025-06-19T12:41:54.193733] Exit blocked for TCS.NS: ADX+MACD: Missing ADX or MACD values
2025-06-19T12:41:54.298302 - [2025-06-19T12:41:54.297338] Exit blocked for SUNPHARMA.NS: ADX+MACD: Missing ADX or MACD values
2025-06-19T12:41:54.444088 - [2025-06-19T12:41:54.442084] Exit blocked for TCS.NS: ADX+MACD: Missing ADX or MACD values
2025-06-19T12:41:54.539246 - [2025-06-19T12:41:54.537621] Exit blocked for SUNPHARMA.NS: ADX+MACD: Missing ADX or MACD values
2025-06-19T12:41:54.644586 - [2025-06-19T12:41:54.643616] Exit blocked for TCS.NS: ADX+MACD: Missing ADX or MACD values
2025-06-19T12:41:54.750615 - [2025-06-19T12:41:54.749646] Exit blocked for SUNPHARMA.NS: ADX+MACD: Missing ADX or MACD values
2025-06-19T12:41:54.888293 - [2025-06-19T12:41:54.887273] Exit blocked for TCS.NS: ADX+MACD: Missing ADX or MACD values
2025-06-19T12:41:55.013184 - [2025-06-19T12:41:55.010963] Exit blocked for SUNPHARMA.NS: ADX+MACD: Missing ADX or MACD values
2025-06-19T12:41:55.131354 - [2025-06-19T12:41:55.130359] Exit blocked for TCS.NS: ADX+MACD: Missing ADX or MACD values
2025-06-19T12:41:55.284457 - [2025-06-19T12:41:55.283461] Exit blocked for SUNPHARMA.NS: ADX+MACD: Missing ADX or MACD values
2025-06-19T12:41:55.441246 - [2025-06-19T12:41:55.440247] Exit blocked for TCS.NS: ADX+MACD: Missing ADX or MACD values
2025-06-19T12:41:55.552148 - [2025-06-19T12:41:55.551148] Exit blocked for SUNPHARMA.NS: ADX+MACD: Missing ADX or MACD values
2025-06-19T12:41:55.654126 - [2025-06-19T12:41:55.653126] Exit blocked for TCS.NS: ADX+MACD: Missing ADX or MACD values
2025-06-19T12:41:55.803574 - [2025-06-19T12:41:55.802573] Exit blocked for SUNPHARMA.NS: ADX+MACD: Missing ADX or MACD values
2025-06-19T12:41:55.954029 - [2025-06-19T12:41:55.953029] Exit blocked for TCS.NS: ADX+MACD: Missing ADX or MACD values
2025-06-19T12:41:56.053556 - [2025-06-19T12:41:56.052572] Exit blocked for SUNPHARMA.NS: ADX+MACD: Missing ADX or MACD values
2025-06-19T12:41:56.166833 - [2025-06-19T12:41:56.165833] Exit blocked for TCS.NS: ADX+MACD: Missing ADX or MACD values
2025-06-19T12:41:56.310010 - [2025-06-19T12:41:56.308010] Exit blocked for SUNPHARMA.NS: ADX+MACD: Missing ADX or MACD values
2025-06-19T12:41:56.428334 - [2025-06-19T12:41:56.427334] Exit blocked for TCS.NS: ADX+MACD: Missing ADX or MACD values
2025-06-19T12:41:56.538055 - [2025-06-19T12:41:56.537056] Exit blocked for SUNPHARMA.NS: ADX+MACD: Missing ADX or MACD values
2025-06-19T12:41:56.709019 - [2025-06-19T12:41:56.708019] Exit blocked for TCS.NS: ADX+MACD: Missing ADX or MACD values
2025-06-19T12:41:56.838348 - [2025-06-19T12:41:56.837350] Exit blocked for SUNPHARMA.NS: ADX+MACD: Missing ADX or MACD values
2025-06-19T12:41:56.962439 - [2025-06-19T12:41:56.960438] Exit blocked for TCS.NS: ADX+MACD: Missing ADX or MACD values
2025-06-19T12:41:57.066707 - [2025-06-19T12:41:57.065730] Exit blocked for SUNPHARMA.NS: ADX+MACD: Missing ADX or MACD values
2025-06-19T12:41:57.195061 - [2025-06-19T12:41:57.193052] Exit blocked for TCS.NS: ADX+MACD: Missing ADX or MACD values
2025-06-19T12:41:57.314077 - [2025-06-19T12:41:57.313086] Exit blocked for SUNPHARMA.NS: ADX+MACD: Missing ADX or MACD values
2025-06-19T12:41:57.449819 - [2025-06-19T12:41:57.448821] Exit blocked for TCS.NS: ADX+MACD: Missing ADX or MACD values
2025-06-19T12:41:57.574833 - [2025-06-19T12:41:57.573833] Exit blocked for SUNPHARMA.NS: ADX+MACD: Missing ADX or MACD values
2025-06-19T12:41:57.686177 - [2025-06-19T12:41:57.685209] Exit blocked for TCS.NS: ADX+MACD: Missing ADX or MACD values
2025-06-19T12:41:57.824785 - [2025-06-19T12:41:57.823784] Exit blocked for SUNPHARMA.NS: ADX+MACD: Missing ADX or MACD values
2025-06-19T12:41:57.969165 - [2025-06-19T12:41:57.967690] Exit blocked for TCS.NS: ADX+MACD: Missing ADX or MACD values
2025-06-19T12:43:14.393119 - [2025-06-19T12:43:14.391120] Exit blocked for TCS.NS: ADX+MACD: Missing ADX or MACD values
2025-06-19T12:43:15.117157 - [2025-06-19T12:43:15.116157] Exit blocked for SUNPHARMA.NS: ADX+MACD: Missing ADX or MACD values
2025-06-19T12:43:17.728145 - [2025-06-19T12:43:17.726338] Exit blocked for TCS.NS: ADX+MACD: Missing ADX or MACD values
2025-06-19T12:43:17.835693 - [2025-06-19T12:43:17.834693] Exit blocked for SUNPHARMA.NS: ADX+MACD: Missing ADX or MACD values
2025-06-19T12:43:17.937559 - [2025-06-19T12:43:17.936558] Exit blocked for TCS.NS: ADX+MACD: Missing ADX or MACD values
2025-06-19T12:43:18.039860 - [2025-06-19T12:43:18.038862] Exit blocked for SUNPHARMA.NS: ADX+MACD: Missing ADX or MACD values
2025-06-19T12:43:18.151539 - [2025-06-19T12:43:18.150538] Exit blocked for TCS.NS: ADX+MACD: Missing ADX or MACD values
2025-06-19T12:43:18.247779 - [2025-06-19T12:43:18.245778] Exit blocked for SUNPHARMA.NS: ADX+MACD: Missing ADX or MACD values
2025-06-19T12:43:18.349809 - [2025-06-19T12:43:18.348809] Exit blocked for TCS.NS: ADX+MACD: Missing ADX or MACD values
2025-06-19T12:43:18.463061 - [2025-06-19T12:43:18.462060] Exit blocked for SUNPHARMA.NS: ADX+MACD: Missing ADX or MACD values
2025-06-19T12:43:18.572780 - [2025-06-19T12:43:18.571780] Exit blocked for TCS.NS: ADX+MACD: Missing ADX or MACD values
2025-06-19T12:43:18.664769 - [2025-06-19T12:43:18.662768] Exit blocked for SUNPHARMA.NS: ADX+MACD: Missing ADX or MACD values
2025-06-19T12:43:18.778606 - [2025-06-19T12:43:18.777606] Exit blocked for TCS.NS: ADX+MACD: Missing ADX or MACD values
2025-06-19T12:43:18.885671 - [2025-06-19T12:43:18.884672] Exit blocked for SUNPHARMA.NS: ADX+MACD: Missing ADX or MACD values
2025-06-19T12:43:18.994072 - [2025-06-19T12:43:18.993072] Exit blocked for TCS.NS: ADX+MACD: Missing ADX or MACD values
2025-06-19T12:43:19.135459 - [2025-06-19T12:43:19.134457] Exit blocked for SUNPHARMA.NS: ADX+MACD: Missing ADX or MACD values
2025-06-19T12:43:19.245973 - [2025-06-19T12:43:19.243974] Exit blocked for TCS.NS: ADX+MACD: Missing ADX or MACD values
2025-06-19T12:43:19.352056 - [2025-06-19T12:43:19.350054] Exit blocked for SUNPHARMA.NS: ADX+MACD: Missing ADX or MACD values
2025-06-19T12:43:19.466137 - [2025-06-19T12:43:19.464137] Exit blocked for TCS.NS: ADX+MACD: Missing ADX or MACD values
2025-06-19T12:43:19.566218 - [2025-06-19T12:43:19.565222] Exit blocked for SUNPHARMA.NS: ADX+MACD: Missing ADX or MACD values
2025-06-19T12:43:19.684116 - [2025-06-19T12:43:19.683114] Exit blocked for TCS.NS: ADX+MACD: Missing ADX or MACD values
2025-06-19T12:43:19.792532 - [2025-06-19T12:43:19.790433] Exit blocked for SUNPHARMA.NS: ADX+MACD: Missing ADX or MACD values
2025-06-19T12:43:19.917243 - [2025-06-19T12:43:19.916245] Exit blocked for TCS.NS: ADX+MACD: Missing ADX or MACD values
2025-06-19T12:43:20.015757 - [2025-06-19T12:43:20.014758] Exit blocked for SUNPHARMA.NS: ADX+MACD: Missing ADX or MACD values
2025-06-19T12:43:20.133056 - [2025-06-19T12:43:20.131057] Exit blocked for TCS.NS: ADX+MACD: Missing ADX or MACD values
2025-06-19T12:43:20.274626 - [2025-06-19T12:43:20.271626] Exit blocked for SUNPHARMA.NS: ADX+MACD: Missing ADX or MACD values
2025-06-19T12:43:20.391600 - [2025-06-19T12:43:20.389598] Exit blocked for TCS.NS: ADX+MACD: Missing ADX or MACD values
2025-06-19T12:43:20.494113 - [2025-06-19T12:43:20.493115] Exit blocked for SUNPHARMA.NS: ADX+MACD: Missing ADX or MACD values
2025-06-19T12:43:20.603510 - [2025-06-19T12:43:20.602510] Exit blocked for TCS.NS: ADX+MACD: Missing ADX or MACD values
2025-06-19T12:43:20.718755 - [2025-06-19T12:43:20.717756] Exit blocked for SUNPHARMA.NS: ADX+MACD: Missing ADX or MACD values
2025-06-19T12:43:20.819397 - [2025-06-19T12:43:20.817395] Exit blocked for TCS.NS: ADX+MACD: Missing ADX or MACD values
2025-06-19T12:43:20.927098 - [2025-06-19T12:43:20.926097] Exit blocked for SUNPHARMA.NS: ADX+MACD: Missing ADX or MACD values
2025-06-19T12:43:21.024647 - [2025-06-19T12:43:21.023649] Exit blocked for TCS.NS: ADX+MACD: Missing ADX or MACD values
2025-06-19T12:43:21.162056 - [2025-06-19T12:43:21.160058] Exit blocked for SUNPHARMA.NS: ADX+MACD: Missing ADX or MACD values
2025-06-19T12:43:21.265825 - [2025-06-19T12:43:21.263876] Exit blocked for TCS.NS: ADX+MACD: Missing ADX or MACD values
2025-06-19T12:43:21.404371 - [2025-06-19T12:43:21.402368] Exit blocked for SUNPHARMA.NS: ADX+MACD: Missing ADX or MACD values
2025-06-19T12:43:21.510482 - [2025-06-19T12:43:21.509484] Exit blocked for TCS.NS: ADX+MACD: Missing ADX or MACD values
2025-06-19T12:43:21.608126 - [2025-06-19T12:43:21.606123] Exit blocked for SUNPHARMA.NS: ADX+MACD: Missing ADX or MACD values
2025-06-19T12:43:21.708302 - [2025-06-19T12:43:21.706302] Exit blocked for TCS.NS: ADX+MACD: Missing ADX or MACD values
2025-06-19T12:43:21.805818 - [2025-06-19T12:43:21.804818] Exit blocked for SUNPHARMA.NS: ADX+MACD: Missing ADX or MACD values
2025-06-19T12:43:21.919523 - [2025-06-19T12:43:21.917521] Exit blocked for TCS.NS: ADX+MACD: Missing ADX or MACD values
2025-06-19T12:43:22.043694 - [2025-06-19T12:43:22.042694] Exit blocked for SUNPHARMA.NS: ADX+MACD: Missing ADX or MACD values
2025-06-19T12:43:22.147575 - [2025-06-19T12:43:22.146576] Exit blocked for TCS.NS: ADX+MACD: Missing ADX or MACD values
2025-06-19T12:43:22.252387 - [2025-06-19T12:43:22.250386] Exit blocked for SUNPHARMA.NS: ADX+MACD: Missing ADX or MACD values
2025-06-19T12:43:22.377035 - [2025-06-19T12:43:22.376034] Exit blocked for TCS.NS: ADX+MACD: Missing ADX or MACD values
2025-06-19T12:43:22.472933 - [2025-06-19T12:43:22.471933] Exit blocked for SUNPHARMA.NS: ADX+MACD: Missing ADX or MACD values
2025-06-19T12:43:22.597207 - [2025-06-19T12:43:22.596207] Exit blocked for TCS.NS: ADX+MACD: Missing ADX or MACD values
2025-06-19T12:43:22.692317 - [2025-06-19T12:43:22.691167] Exit blocked for SUNPHARMA.NS: ADX+MACD: Missing ADX or MACD values
2025-06-19T12:43:22.820918 - [2025-06-19T12:43:22.819918] Exit blocked for TCS.NS: ADX+MACD: Missing ADX or MACD values
2025-06-19T12:43:22.924545 - [2025-06-19T12:43:22.923464] Exit blocked for SUNPHARMA.NS: ADX+MACD: Missing ADX or MACD values
2025-06-19T12:43:23.028880 - [2025-06-19T12:43:23.026879] Exit blocked for TCS.NS: ADX+MACD: Missing ADX or MACD values
2025-06-19T12:43:23.155296 - [2025-06-19T12:43:23.154297] Exit blocked for SUNPHARMA.NS: ADX+MACD: Missing ADX or MACD values
2025-06-19T12:43:23.297577 - [2025-06-19T12:43:23.295575] Exit blocked for TCS.NS: ADX+MACD: Missing ADX or MACD values
2025-06-19T12:43:23.435159 - [2025-06-19T12:43:23.433157] Exit blocked for SUNPHARMA.NS: ADX+MACD: Missing ADX or MACD values
2025-06-19T12:43:23.554321 - [2025-06-19T12:43:23.553321] Exit blocked for TCS.NS: ADX+MACD: Missing ADX or MACD values
2025-06-19T12:43:23.725033 - [2025-06-19T12:43:23.723032] Exit blocked for SUNPHARMA.NS: ADX+MACD: Missing ADX or MACD values
2025-06-19T12:43:23.835628 - [2025-06-19T12:43:23.833628] Exit blocked for TCS.NS: ADX+MACD: Missing ADX or MACD values
2025-06-19T12:43:23.948754 - [2025-06-19T12:43:23.947754] Exit blocked for SUNPHARMA.NS: ADX+MACD: Missing ADX or MACD values
2025-06-19T12:43:24.046764 - [2025-06-19T12:43:24.045765] Exit blocked for TCS.NS: ADX+MACD: Missing ADX or MACD values
2025-06-19T12:43:24.145536 - [2025-06-19T12:43:24.144541] Exit blocked for SUNPHARMA.NS: ADX+MACD: Missing ADX or MACD values
2025-06-19T12:43:24.247270 - [2025-06-19T12:43:24.245273] Exit blocked for TCS.NS: ADX+MACD: Missing ADX or MACD values
2025-06-19T12:43:24.342363 - [2025-06-19T12:43:24.341337] Exit blocked for SUNPHARMA.NS: ADX+MACD: Missing ADX or MACD values
2025-06-19T12:43:24.478145 - [2025-06-19T12:43:24.477144] Exit blocked for TCS.NS: ADX+MACD: Missing ADX or MACD values
2025-06-19T12:43:24.589274 - [2025-06-19T12:43:24.587273] Exit blocked for SUNPHARMA.NS: ADX+MACD: Missing ADX or MACD values
2025-06-19T12:43:24.706843 - [2025-06-19T12:43:24.704845] Exit blocked for TCS.NS: ADX+MACD: Missing ADX or MACD values
2025-06-19T12:43:24.830800 - [2025-06-19T12:43:24.828799] Exit blocked for SUNPHARMA.NS: ADX+MACD: Missing ADX or MACD values
2025-06-19T12:43:24.949957 - [2025-06-19T12:43:24.947958] Exit blocked for TCS.NS: ADX+MACD: Missing ADX or MACD values
2025-06-19T12:43:25.092497 - [2025-06-19T12:43:25.089367] Exit blocked for SUNPHARMA.NS: ADX+MACD: Missing ADX or MACD values
2025-06-19T12:43:25.213204 - [2025-06-19T12:43:25.211205] Exit blocked for TCS.NS: ADX+MACD: Missing ADX or MACD values
2025-06-19T12:43:25.320189 - [2025-06-19T12:43:25.318189] Exit blocked for SUNPHARMA.NS: ADX+MACD: Missing ADX or MACD values
2025-06-19T12:43:25.443913 - [2025-06-19T12:43:25.441914] Exit blocked for TCS.NS: ADX+MACD: Missing ADX or MACD values
2025-06-19T12:43:25.549655 - [2025-06-19T12:43:25.548654] Exit blocked for SUNPHARMA.NS: ADX+MACD: Missing ADX or MACD values
2025-06-19T12:43:25.814643 - [2025-06-19T12:43:25.813633] Exit blocked for TCS.NS: ADX+MACD: Missing ADX or MACD values
2025-06-19T12:43:25.918649 - [2025-06-19T12:43:25.917647] Exit blocked for SUNPHARMA.NS: ADX+MACD: Missing ADX or MACD values
2025-06-19T12:43:26.069690 - [2025-06-19T12:43:26.068688] Exit blocked for TCS.NS: ADX+MACD: Missing ADX or MACD values
2025-06-19T12:43:26.182236 - [2025-06-19T12:43:26.180255] Exit blocked for SUNPHARMA.NS: ADX+MACD: Missing ADX or MACD values
2025-06-19T12:43:27.111754 - [2025-06-19T12:43:27.104746] Exit blocked for TCS.NS: ADX+MACD: Missing ADX or MACD values
2025-06-19T12:43:47.547641 - [2025-06-19T12:43:47.546641] Exit blocked for SUNPHARMA.NS: ADX+MACD: Missing ADX or MACD values
2025-06-19T12:43:47.694139 - [2025-06-19T12:43:47.690694] Exit blocked for TCS.NS: ADX+MACD: Missing ADX or MACD values
2025-06-19T12:43:47.842283 - [2025-06-19T12:43:47.839766] Exit blocked for SUNPHARMA.NS: ADX+MACD: Missing ADX or MACD values
2025-06-19T12:43:47.978766 - [2025-06-19T12:43:47.976761] Exit blocked for TCS.NS: ADX+MACD: Missing ADX or MACD values
2025-06-19T12:43:48.103976 - [2025-06-19T12:43:48.102937] Exit blocked for SUNPHARMA.NS: ADX+MACD: Missing ADX or MACD values
2025-06-19T12:43:48.200485 - [2025-06-19T12:43:48.199439] Exit blocked for TCS.NS: ADX+MACD: Missing ADX or MACD values
2025-06-19T12:43:48.297904 - [2025-06-19T12:43:48.295903] Exit blocked for SUNPHARMA.NS: ADX+MACD: Missing ADX or MACD values
2025-06-19T12:43:48.401106 - [2025-06-19T12:43:48.400108] Exit blocked for TCS.NS: ADX+MACD: Missing ADX or MACD values
2025-06-19T12:43:48.512037 - [2025-06-19T12:43:48.510040] Exit blocked for SUNPHARMA.NS: ADX+MACD: Missing ADX or MACD values
2025-06-19T12:43:48.628138 - [2025-06-19T12:43:48.627138] Exit blocked for TCS.NS: ADX+MACD: Missing ADX or MACD values
2025-06-19T12:43:48.742113 - [2025-06-19T12:43:48.740022] Exit blocked for SUNPHARMA.NS: ADX+MACD: Missing ADX or MACD values
2025-06-19T12:43:48.877645 - [2025-06-19T12:43:48.876648] Exit blocked for TCS.NS: ADX+MACD: Missing ADX or MACD values
2025-06-19T12:43:48.989145 - [2025-06-19T12:43:48.988149] Exit blocked for SUNPHARMA.NS: ADX+MACD: Missing ADX or MACD values
2025-06-19T12:43:49.096238 - [2025-06-19T12:43:49.095270] Exit blocked for TCS.NS: ADX+MACD: Missing ADX or MACD values
2025-06-19T12:43:49.242683 - [2025-06-19T12:43:49.240644] Exit blocked for SUNPHARMA.NS: ADX+MACD: Missing ADX or MACD values
2025-06-19T12:43:49.347745 - [2025-06-19T12:43:49.346746] Exit blocked for TCS.NS: ADX+MACD: Missing ADX or MACD values
2025-06-19T12:43:49.473834 - [2025-06-19T12:43:49.472839] Exit blocked for SUNPHARMA.NS: ADX+MACD: Missing ADX or MACD values
2025-06-19T12:43:49.568493 - [2025-06-19T12:43:49.567493] Exit blocked for TCS.NS: ADX+MACD: Missing ADX or MACD values
2025-06-19T12:43:49.667397 - [2025-06-19T12:43:49.666398] Exit blocked for SUNPHARMA.NS: ADX+MACD: Missing ADX or MACD values
2025-06-19T12:43:49.782177 - [2025-06-19T12:43:49.781178] Exit blocked for TCS.NS: ADX+MACD: Missing ADX or MACD values
2025-06-19T12:43:49.880798 - [2025-06-19T12:43:49.879804] Exit blocked for SUNPHARMA.NS: ADX+MACD: Missing ADX or MACD values
2025-06-19T12:43:49.984571 - [2025-06-19T12:43:49.982571] Exit blocked for TCS.NS: ADX+MACD: Missing ADX or MACD values
2025-06-19T12:43:50.078099 - [2025-06-19T12:43:50.077137] Exit blocked for SUNPHARMA.NS: ADX+MACD: Missing ADX or MACD values
2025-06-19T12:43:50.198063 - [2025-06-19T12:43:50.198063] Exit blocked for TCS.NS: ADX+MACD: Missing ADX or MACD values
2025-06-19T12:43:50.299807 - [2025-06-19T12:43:50.298846] Exit blocked for SUNPHARMA.NS: ADX+MACD: Missing ADX or MACD values
2025-06-19T12:43:50.408735 - [2025-06-19T12:43:50.406738] Exit blocked for TCS.NS: ADX+MACD: Missing ADX or MACD values
2025-06-19T12:43:50.493395 - [2025-06-19T12:43:50.492378] Exit blocked for SUNPHARMA.NS: ADX+MACD: Missing ADX or MACD values
2025-06-19T12:43:50.600917 - [2025-06-19T12:43:50.599868] Exit blocked for TCS.NS: ADX+MACD: Missing ADX or MACD values
2025-06-19T12:43:50.695908 - [2025-06-19T12:43:50.694910] Exit blocked for SUNPHARMA.NS: ADX+MACD: Missing ADX or MACD values
2025-06-19T12:43:50.796289 - [2025-06-19T12:43:50.795277] Exit blocked for TCS.NS: ADX+MACD: Missing ADX or MACD values
2025-06-19T12:43:50.890048 - [2025-06-19T12:43:50.889049] Exit blocked for SUNPHARMA.NS: ADX+MACD: Missing ADX or MACD values
2025-06-19T12:43:50.993496 - [2025-06-19T12:43:50.992501] Exit blocked for TCS.NS: ADX+MACD: Missing ADX or MACD values
2025-06-19T12:43:51.108818 - [2025-06-19T12:43:51.107822] Exit blocked for SUNPHARMA.NS: ADX+MACD: Missing ADX or MACD values
2025-06-19T12:43:51.206631 - [2025-06-19T12:43:51.205687] Exit blocked for TCS.NS: ADX+MACD: Missing ADX or MACD values
2025-06-19T12:43:51.312153 - [2025-06-19T12:43:51.311154] Exit blocked for SUNPHARMA.NS: ADX+MACD: Missing ADX or MACD values
2025-06-19T12:43:51.405570 - [2025-06-19T12:43:51.403566] Exit blocked for TCS.NS: ADX+MACD: Missing ADX or MACD values
2025-06-19T12:43:51.502043 - [2025-06-19T12:43:51.500846] Exit blocked for SUNPHARMA.NS: ADX+MACD: Missing ADX or MACD values
2025-06-19T12:43:51.602940 - [2025-06-19T12:43:51.601984] Exit blocked for TCS.NS: ADX+MACD: Missing ADX or MACD values
2025-06-19T12:43:51.720687 - [2025-06-19T12:43:51.719690] Exit blocked for SUNPHARMA.NS: ADX+MACD: Missing ADX or MACD values
2025-06-19T12:43:51.863697 - [2025-06-19T12:43:51.862697] Exit blocked for TCS.NS: ADX+MACD: Missing ADX or MACD values
2025-06-19T12:43:51.989032 - [2025-06-19T12:43:51.988037] Exit blocked for SUNPHARMA.NS: ADX+MACD: Missing ADX or MACD values
2025-06-19T12:43:52.099551 - [2025-06-19T12:43:52.098547] Exit blocked for TCS.NS: ADX+MACD: Missing ADX or MACD values
2025-06-19T12:43:52.210072 - [2025-06-19T12:43:52.209099] Exit blocked for SUNPHARMA.NS: ADX+MACD: Missing ADX or MACD values
2025-06-19T12:43:52.413382 - [2025-06-19T12:43:52.412346] Exit blocked for TCS.NS: ADX+MACD: Missing ADX or MACD values
2025-06-19T12:43:52.536061 - [2025-06-19T12:43:52.535059] Exit blocked for SUNPHARMA.NS: ADX+MACD: Missing ADX or MACD values
2025-06-19T12:43:52.637862 - [2025-06-19T12:43:52.635862] Exit blocked for TCS.NS: ADX+MACD: Missing ADX or MACD values
2025-06-19T12:43:52.740262 - [2025-06-19T12:43:52.739252] Exit blocked for SUNPHARMA.NS: ADX+MACD: Missing ADX or MACD values
2025-06-19T12:43:52.839241 - [2025-06-19T12:43:52.838249] Exit blocked for TCS.NS: ADX+MACD: Missing ADX or MACD values
2025-06-19T12:43:52.955065 - [2025-06-19T12:43:52.954146] Exit blocked for SUNPHARMA.NS: ADX+MACD: Missing ADX or MACD values
2025-06-19T12:43:53.076418 - [2025-06-19T12:43:53.075386] Exit blocked for TCS.NS: ADX+MACD: Missing ADX or MACD values
2025-06-19T12:43:53.193103 - [2025-06-19T12:43:53.192142] Exit blocked for SUNPHARMA.NS: ADX+MACD: Missing ADX or MACD values
2025-06-19T12:43:53.311777 - [2025-06-19T12:43:53.310811] Exit blocked for TCS.NS: ADX+MACD: Missing ADX or MACD values
2025-06-19T12:43:53.406489 - [2025-06-19T12:43:53.405456] Exit blocked for SUNPHARMA.NS: ADX+MACD: Missing ADX or MACD values
2025-06-19T12:43:53.502840 - [2025-06-19T12:43:53.502004] Exit blocked for TCS.NS: ADX+MACD: Missing ADX or MACD values
2025-06-19T12:43:53.608978 - [2025-06-19T12:43:53.608019] Exit blocked for SUNPHARMA.NS: ADX+MACD: Missing ADX or MACD values
2025-06-19T12:43:53.727060 - [2025-06-19T12:43:53.726064] Exit blocked for TCS.NS: ADX+MACD: Missing ADX or MACD values
2025-06-19T12:43:53.881304 - [2025-06-19T12:43:53.880307] Exit blocked for SUNPHARMA.NS: ADX+MACD: Missing ADX or MACD values
2025-06-19T12:43:54.009267 - [2025-06-19T12:43:54.008215] Exit blocked for TCS.NS: ADX+MACD: Missing ADX or MACD values
2025-06-19T12:43:54.139298 - [2025-06-19T12:43:54.138324] Exit blocked for SUNPHARMA.NS: ADX+MACD: Missing ADX or MACD values
2025-06-19T12:43:54.241034 - [2025-06-19T12:43:54.240033] Exit blocked for TCS.NS: ADX+MACD: Missing ADX or MACD values
2025-06-19T12:43:54.350370 - [2025-06-19T12:43:54.348866] Exit blocked for SUNPHARMA.NS: ADX+MACD: Missing ADX or MACD values
2025-06-19T12:43:54.457271 - [2025-06-19T12:43:54.456271] Exit blocked for TCS.NS: ADX+MACD: Missing ADX or MACD values
2025-06-19T12:43:54.555509 - [2025-06-19T12:43:54.554488] Exit blocked for SUNPHARMA.NS: ADX+MACD: Missing ADX or MACD values
2025-06-19T12:43:54.668976 - [2025-06-19T12:43:54.667982] Exit blocked for TCS.NS: ADX+MACD: Missing ADX or MACD values
2025-06-19T12:43:54.793337 - [2025-06-19T12:43:54.792308] Exit blocked for SUNPHARMA.NS: ADX+MACD: Missing ADX or MACD values
2025-06-19T12:43:54.914329 - [2025-06-19T12:43:54.913184] Exit blocked for TCS.NS: ADX+MACD: Missing ADX or MACD values
2025-06-19T12:43:55.019868 - [2025-06-19T12:43:55.018698] Exit blocked for SUNPHARMA.NS: ADX+MACD: Missing ADX or MACD values
2025-06-19T12:43:55.141102 - [2025-06-19T12:43:55.140078] Exit blocked for TCS.NS: ADX+MACD: Missing ADX or MACD values
2025-06-19T12:43:55.244050 - [2025-06-19T12:43:55.243043] Exit blocked for SUNPHARMA.NS: ADX+MACD: Missing ADX or MACD values
2025-06-19T12:43:55.341568 - [2025-06-19T12:43:55.340616] Exit blocked for TCS.NS: ADX+MACD: Missing ADX or MACD values
2025-06-19T12:43:55.443864 - [2025-06-19T12:43:55.442869] Exit blocked for SUNPHARMA.NS: ADX+MACD: Missing ADX or MACD values
2025-06-19T12:43:55.561566 - [2025-06-19T12:43:55.560557] Exit blocked for TCS.NS: ADX+MACD: Missing ADX or MACD values
2025-06-19T12:43:55.652963 - [2025-06-19T12:43:55.651983] Exit blocked for SUNPHARMA.NS: ADX+MACD: Missing ADX or MACD values
2025-06-19T12:43:55.760550 - [2025-06-19T12:43:55.759541] Exit blocked for TCS.NS: ADX+MACD: Missing ADX or MACD values
2025-06-19T12:43:55.867353 - [2025-06-19T12:43:55.866331] Exit blocked for SUNPHARMA.NS: ADX+MACD: Missing ADX or MACD values
2025-06-19T12:43:55.976105 - [2025-06-19T12:43:55.975105] Exit blocked for TCS.NS: ADX+MACD: Missing ADX or MACD values
2025-06-19T12:43:56.088125 - [2025-06-19T12:43:56.087157] Exit blocked for SUNPHARMA.NS: ADX+MACD: Missing ADX or MACD values
2025-06-19T12:43:56.201787 - [2025-06-19T12:43:56.199788] Exit blocked for TCS.NS: ADX+MACD: Missing ADX or MACD values
2025-06-19T12:43:56.312595 - [2025-06-19T12:43:56.310592] Exit blocked for SUNPHARMA.NS: ADX+MACD: Missing ADX or MACD values
2025-06-19T12:43:56.428010 - [2025-06-19T12:43:56.427011] Exit blocked for TCS.NS: ADX+MACD: Missing ADX or MACD values
2025-06-19T12:43:56.550426 - [2025-06-19T12:43:56.549411] Exit blocked for SUNPHARMA.NS: ADX+MACD: Missing ADX or MACD values
2025-06-19T12:43:56.675920 - [2025-06-19T12:43:56.673914] Exit blocked for TCS.NS: ADX+MACD: Missing ADX or MACD values
2025-06-19T12:43:56.786755 - [2025-06-19T12:43:56.784750] Exit blocked for SUNPHARMA.NS: ADX+MACD: Missing ADX or MACD values
2025-06-19T12:43:56.934659 - [2025-06-19T12:43:56.933434] Exit blocked for TCS.NS: ADX+MACD: Missing ADX or MACD values
2025-06-19T12:43:57.022062 - [2025-06-19T12:43:57.021151] Exit blocked for SUNPHARMA.NS: ADX+MACD: Missing ADX or MACD values
2025-06-19T12:43:57.129552 - [2025-06-19T12:43:57.128552] Exit blocked for TCS.NS: ADX+MACD: Missing ADX or MACD values
2025-06-19T12:43:57.240428 - [2025-06-19T12:43:57.238430] Exit blocked for SUNPHARMA.NS: ADX+MACD: Missing ADX or MACD values
2025-06-19T12:43:57.341692 - [2025-06-19T12:43:57.340693] Exit blocked for TCS.NS: ADX+MACD: Missing ADX or MACD values
2025-06-19T12:43:57.472956 - [2025-06-19T12:43:57.471957] Exit blocked for SUNPHARMA.NS: ADX+MACD: Missing ADX or MACD values
2025-06-19T12:43:57.586416 - [2025-06-19T12:43:57.584418] Exit blocked for TCS.NS: ADX+MACD: Missing ADX or MACD values
2025-06-19T12:43:57.704688 - [2025-06-19T12:43:57.703690] Exit blocked for SUNPHARMA.NS: ADX+MACD: Missing ADX or MACD values
2025-06-19T12:43:57.819384 - [2025-06-19T12:43:57.818383] Exit blocked for TCS.NS: ADX+MACD: Missing ADX or MACD values
2025-06-19T12:43:57.951133 - [2025-06-19T12:43:57.950134] Exit blocked for SUNPHARMA.NS: ADX+MACD: Missing ADX or MACD values
2025-06-19T12:43:58.056798 - [2025-06-19T12:43:58.055799] Exit blocked for TCS.NS: ADX+MACD: Missing ADX or MACD values
2025-06-19T12:43:58.147935 - [2025-06-19T12:43:58.146936] Exit blocked for SUNPHARMA.NS: ADX+MACD: Missing ADX or MACD values
2025-06-19T12:43:58.261330 - [2025-06-19T12:43:58.260331] Exit blocked for TCS.NS: ADX+MACD: Missing ADX or MACD values
2025-06-19T12:43:58.367324 - [2025-06-19T12:43:58.366325] Exit blocked for SUNPHARMA.NS: ADX+MACD: Missing ADX or MACD values
2025-06-19T12:43:58.485701 - [2025-06-19T12:43:58.484701] Exit blocked for TCS.NS: ADX+MACD: Missing ADX or MACD values
2025-06-19T12:43:58.601814 - [2025-06-19T12:43:58.599815] Exit blocked for SUNPHARMA.NS: ADX+MACD: Missing ADX or MACD values
2025-06-19T12:43:58.699103 - [2025-06-19T12:43:58.698104] Exit blocked for TCS.NS: ADX+MACD: Missing ADX or MACD values
2025-06-19T12:43:58.809696 - [2025-06-19T12:43:58.808697] Exit blocked for SUNPHARMA.NS: ADX+MACD: Missing ADX or MACD values
2025-06-19T12:43:58.919803 - [2025-06-19T12:43:58.917805] Exit blocked for TCS.NS: ADX+MACD: Missing ADX or MACD values
2025-06-19T12:43:59.027533 - [2025-06-19T12:43:59.025533] Exit blocked for SUNPHARMA.NS: ADX+MACD: Missing ADX or MACD values
2025-06-19T12:43:59.137877 - [2025-06-19T12:43:59.136878] Exit blocked for TCS.NS: ADX+MACD: Missing ADX or MACD values
2025-06-19T12:43:59.242309 - [2025-06-19T12:43:59.240309] Exit blocked for SUNPHARMA.NS: ADX+MACD: Missing ADX or MACD values
2025-06-19T12:43:59.350950 - [2025-06-19T12:43:59.349968] Exit blocked for TCS.NS: ADX+MACD: Missing ADX or MACD values
2025-06-19T12:43:59.442338 - [2025-06-19T12:43:59.441371] Exit blocked for SUNPHARMA.NS: ADX+MACD: Missing ADX or MACD values
2025-06-19T12:43:59.551808 - [2025-06-19T12:43:59.550649] Exit blocked for TCS.NS: ADX+MACD: Missing ADX or MACD values
2025-06-19T12:43:59.672984 - [2025-06-19T12:43:59.670981] Exit blocked for SUNPHARMA.NS: ADX+MACD: Missing ADX or MACD values
2025-06-19T12:43:59.802014 - [2025-06-19T12:43:59.799024] Exit blocked for TCS.NS: ADX+MACD: Missing ADX or MACD values
2025-06-19T12:43:59.909713 - [2025-06-19T12:43:59.906688] Exit blocked for SUNPHARMA.NS: ADX+MACD: Missing ADX or MACD values
2025-06-19T12:44:00.042600 - [2025-06-19T12:44:00.041634] Exit blocked for TCS.NS: ADX+MACD: Missing ADX or MACD values
2025-06-19T12:44:00.163388 - [2025-06-19T12:44:00.161339] Exit blocked for SUNPHARMA.NS: ADX+MACD: Missing ADX or MACD values
2025-06-19T12:44:00.369398 - [2025-06-19T12:44:00.368122] Exit blocked for TCS.NS: ADX+MACD: Missing ADX or MACD values
2025-06-19T12:44:00.486802 - [2025-06-19T12:44:00.485844] Exit blocked for SUNPHARMA.NS: ADX+MACD: Missing ADX or MACD values
2025-06-19T12:44:00.587253 - [2025-06-19T12:44:00.587253] Exit blocked for TCS.NS: ADX+MACD: Missing ADX or MACD values
2025-06-19T12:44:16.260454 - [2025-06-19T12:44:16.259455] Exit blocked for TCS.NS: ADX+MACD: Missing ADX or MACD values
2025-06-19T12:44:18.267380 - [2025-06-19T12:44:18.266380] Exit blocked for SUNPHARMA.NS: ADX+MACD: Missing ADX or MACD values
2025-06-19T12:44:18.593252 - [2025-06-19T12:44:18.592252] Exit blocked for TCS.NS: ADX+MACD: Missing ADX or MACD values
2025-06-19T12:44:18.685380 - [2025-06-19T12:44:18.684397] Exit blocked for SUNPHARMA.NS: ADX+MACD: Missing ADX or MACD values
2025-06-19T12:44:27.318719 - [2025-06-19T12:44:27.317720] Exit blocked for TCS.NS: ADX+MACD: Missing ADX or MACD values
2025-06-19T12:45:19.662208 - [2025-06-19T12:45:19.659210] Exit blocked for SUNPHARMA.NS: ADX+MACD: Missing ADX or MACD values
2025-06-19T12:45:30.381502 - [2025-06-19T12:45:30.380454] Exit blocked for TCS.NS: ADX+MACD: Missing ADX or MACD values
2025-06-19T12:46:51.177790 - [2025-06-19T12:46:51.176789] Exit blocked for SUNPHARMA.NS: ADX+MACD: Missing ADX or MACD values
2025-06-19T12:49:03.315107 - [2025-06-19T12:49:03.313583] Exit blocked for TCS.NS: ADX+MACD: Missing ADX or MACD values
2025-06-19T12:49:03.450551 - [2025-06-19T12:49:03.449552] Exit blocked for SUNPHARMA.NS: ADX+MACD: Missing ADX or MACD values
2025-06-19T12:49:03.593117 - [2025-06-19T12:49:03.591119] Exit blocked for TCS.NS: ADX+MACD: Missing ADX or MACD values
2025-06-19T12:49:03.714230 - [2025-06-19T12:49:03.712718] Exit blocked for SUNPHARMA.NS: ADX+MACD: Missing ADX or MACD values
2025-06-19T12:49:03.859521 - [2025-06-19T12:49:03.857504] Exit blocked for TCS.NS: ADX+MACD: Missing ADX or MACD values
2025-06-19T12:49:03.995412 - [2025-06-19T12:49:03.993412] Exit blocked for SUNPHARMA.NS: ADX+MACD: Missing ADX or MACD values
2025-06-19T12:49:04.110156 - [2025-06-19T12:49:04.108156] Exit blocked for TCS.NS: ADX+MACD: Missing ADX or MACD values
2025-06-19T12:49:04.243933 - [2025-06-19T12:49:04.241933] Exit blocked for SUNPHARMA.NS: ADX+MACD: Missing ADX or MACD values
2025-06-19T12:49:04.365981 - [2025-06-19T12:49:04.363987] Exit blocked for TCS.NS: ADX+MACD: Missing ADX or MACD values
2025-06-19T12:49:04.508261 - [2025-06-19T12:49:04.507267] Exit blocked for SUNPHARMA.NS: ADX+MACD: Missing ADX or MACD values
2025-06-19T12:49:04.634126 - [2025-06-19T12:49:04.633147] Exit blocked for TCS.NS: ADX+MACD: Missing ADX or MACD values
2025-06-19T12:49:04.804044 - [2025-06-19T12:49:04.802047] Exit blocked for SUNPHARMA.NS: ADX+MACD: Missing ADX or MACD values
2025-06-19T12:49:04.944677 - [2025-06-19T12:49:04.942165] Exit blocked for TCS.NS: ADX+MACD: Missing ADX or MACD values
2025-06-19T12:49:05.079907 - [2025-06-19T12:49:05.078910] Exit blocked for SUNPHARMA.NS: ADX+MACD: Missing ADX or MACD values
2025-06-19T12:49:05.249734 - [2025-06-19T12:49:05.246733] Exit blocked for TCS.NS: ADX+MACD: Missing ADX or MACD values
2025-06-19T12:49:05.413701 - [2025-06-19T12:49:05.412703] Exit blocked for SUNPHARMA.NS: ADX+MACD: Missing ADX or MACD values
2025-06-19T12:49:05.555478 - [2025-06-19T12:49:05.551478] Exit blocked for TCS.NS: ADX+MACD: Missing ADX or MACD values
2025-06-19T12:49:05.820095 - [2025-06-19T12:49:05.817093] Exit blocked for SUNPHARMA.NS: ADX+MACD: Missing ADX or MACD values
2025-06-19T12:49:05.989667 - [2025-06-19T12:49:05.986668] Exit blocked for TCS.NS: ADX+MACD: Missing ADX or MACD values
2025-06-19T12:49:06.145404 - [2025-06-19T12:49:06.142397] Exit blocked for SUNPHARMA.NS: ADX+MACD: Missing ADX or MACD values
2025-06-19T12:49:06.293735 - [2025-06-19T12:49:06.290730] Exit blocked for TCS.NS: ADX+MACD: Missing ADX or MACD values
2025-06-19T12:49:06.423636 - [2025-06-19T12:49:06.421634] Exit blocked for SUNPHARMA.NS: ADX+MACD: Missing ADX or MACD values
2025-06-19T12:49:06.585437 - [2025-06-19T12:49:06.583420] Exit blocked for TCS.NS: ADX+MACD: Missing ADX or MACD values
2025-06-19T12:49:06.750393 - [2025-06-19T12:49:06.749393] Exit blocked for SUNPHARMA.NS: ADX+MACD: Missing ADX or MACD values
2025-06-19T12:49:06.916068 - [2025-06-19T12:49:06.915074] Exit blocked for TCS.NS: ADX+MACD: Missing ADX or MACD values
2025-06-19T12:49:07.074383 - [2025-06-19T12:49:07.072162] Exit blocked for SUNPHARMA.NS: ADX+MACD: Missing ADX or MACD values
2025-06-19T12:49:07.187897 - [2025-06-19T12:49:07.186905] Exit blocked for TCS.NS: ADX+MACD: Missing ADX or MACD values
2025-06-19T12:49:07.321920 - [2025-06-19T12:49:07.320920] Exit blocked for SUNPHARMA.NS: ADX+MACD: Missing ADX or MACD values
2025-06-19T12:49:07.449469 - [2025-06-19T12:49:07.448469] Exit blocked for TCS.NS: ADX+MACD: Missing ADX or MACD values
2025-06-19T12:49:07.562239 - [2025-06-19T12:49:07.561240] Exit blocked for SUNPHARMA.NS: ADX+MACD: Missing ADX or MACD values
2025-06-19T12:49:07.720602 - [2025-06-19T12:49:07.719615] Exit blocked for TCS.NS: ADX+MACD: Missing ADX or MACD values
2025-06-19T12:49:07.850775 - [2025-06-19T12:49:07.848779] Exit blocked for SUNPHARMA.NS: ADX+MACD: Missing ADX or MACD values
2025-06-19T12:49:07.996346 - [2025-06-19T12:49:07.994351] Exit blocked for TCS.NS: ADX+MACD: Missing ADX or MACD values
2025-06-19T12:49:08.110013 - [2025-06-19T12:49:08.109011] Exit blocked for SUNPHARMA.NS: ADX+MACD: Missing ADX or MACD values
2025-06-19T12:49:08.238138 - [2025-06-19T12:49:08.236140] Exit blocked for TCS.NS: ADX+MACD: Missing ADX or MACD values
2025-06-19T12:49:08.355464 - [2025-06-19T12:49:08.352340] Exit blocked for SUNPHARMA.NS: ADX+MACD: Missing ADX or MACD values
2025-06-19T12:49:08.507915 - [2025-06-19T12:49:08.505915] Exit blocked for TCS.NS: ADX+MACD: Missing ADX or MACD values
2025-06-19T12:49:08.629770 - [2025-06-19T12:49:08.628768] Exit blocked for SUNPHARMA.NS: ADX+MACD: Missing ADX or MACD values
2025-06-19T12:49:08.749899 - [2025-06-19T12:49:08.748887] Exit blocked for TCS.NS: ADX+MACD: Missing ADX or MACD values
2025-06-19T12:49:08.890292 - [2025-06-19T12:49:08.889089] Exit blocked for SUNPHARMA.NS: ADX+MACD: Missing ADX or MACD values
2025-06-19T12:49:09.026459 - [2025-06-19T12:49:09.024462] Exit blocked for TCS.NS: ADX+MACD: Missing ADX or MACD values
2025-06-19T12:49:09.146797 - [2025-06-19T12:49:09.144798] Exit blocked for SUNPHARMA.NS: ADX+MACD: Missing ADX or MACD values
2025-06-19T12:49:09.267289 - [2025-06-19T12:49:09.266289] Exit blocked for TCS.NS: ADX+MACD: Missing ADX or MACD values
2025-06-19T12:49:09.374689 - [2025-06-19T12:49:09.372690] Exit blocked for SUNPHARMA.NS: ADX+MACD: Missing ADX or MACD values
2025-06-19T12:49:09.500025 - [2025-06-19T12:49:09.499026] Exit blocked for TCS.NS: ADX+MACD: Missing ADX or MACD values
2025-06-19T12:49:09.635224 - [2025-06-19T12:49:09.633224] Exit blocked for SUNPHARMA.NS: ADX+MACD: Missing ADX or MACD values
2025-06-19T12:49:09.767562 - [2025-06-19T12:49:09.765565] Exit blocked for TCS.NS: ADX+MACD: Missing ADX or MACD values
2025-06-19T12:49:09.926099 - [2025-06-19T12:49:09.923106] Exit blocked for SUNPHARMA.NS: ADX+MACD: Missing ADX or MACD values
2025-06-19T12:49:10.063201 - [2025-06-19T12:49:10.061200] Exit blocked for TCS.NS: ADX+MACD: Missing ADX or MACD values
2025-06-19T12:49:10.222012 - [2025-06-19T12:49:10.221002] Exit blocked for SUNPHARMA.NS: ADX+MACD: Missing ADX or MACD values
2025-06-19T12:49:10.543016 - [2025-06-19T12:49:10.540015] Exit blocked for TCS.NS: ADX+MACD: Missing ADX or MACD values
2025-06-19T12:49:10.708415 - [2025-06-19T12:49:10.706364] Exit blocked for SUNPHARMA.NS: ADX+MACD: Missing ADX or MACD values
2025-06-19T12:49:10.874968 - [2025-06-19T12:49:10.873961] Exit blocked for TCS.NS: ADX+MACD: Missing ADX or MACD values
2025-06-19T12:49:11.000002 - [2025-06-19T12:49:10.999006] Exit blocked for SUNPHARMA.NS: ADX+MACD: Missing ADX or MACD values
2025-06-19T12:49:11.126339 - [2025-06-19T12:49:11.125339] Exit blocked for TCS.NS: ADX+MACD: Missing ADX or MACD values
2025-06-19T12:49:11.251119 - [2025-06-19T12:49:11.250125] Exit blocked for SUNPHARMA.NS: ADX+MACD: Missing ADX or MACD values
2025-06-19T12:49:11.371605 - [2025-06-19T12:49:11.370613] Exit blocked for TCS.NS: ADX+MACD: Missing ADX or MACD values
2025-06-19T12:49:11.526575 - [2025-06-19T12:49:11.524577] Exit blocked for SUNPHARMA.NS: ADX+MACD: Missing ADX or MACD values
2025-06-19T12:49:12.138300 - [2025-06-19T12:49:12.136301] Exit blocked for TCS.NS: ADX+MACD: Missing ADX or MACD values
2025-06-19T12:49:12.354758 - [2025-06-19T12:49:12.352765] Exit blocked for SUNPHARMA.NS: ADX+MACD: Missing ADX or MACD values
2025-06-19T12:49:12.488888 - [2025-06-19T12:49:12.486917] Exit blocked for TCS.NS: ADX+MACD: Missing ADX or MACD values
2025-06-19T12:49:12.669118 - [2025-06-19T12:49:12.668119] Exit blocked for SUNPHARMA.NS: ADX+MACD: Missing ADX or MACD values
2025-06-19T12:49:12.825659 - [2025-06-19T12:49:12.823117] Exit blocked for TCS.NS: ADX+MACD: Missing ADX or MACD values
2025-06-19T12:49:12.975721 - [2025-06-19T12:49:12.974723] Exit blocked for SUNPHARMA.NS: ADX+MACD: Missing ADX or MACD values
2025-06-19T12:49:13.137031 - [2025-06-19T12:49:13.136017] Exit blocked for TCS.NS: ADX+MACD: Missing ADX or MACD values
2025-06-19T12:49:13.338165 - [2025-06-19T12:49:13.337163] Exit blocked for SUNPHARMA.NS: ADX+MACD: Missing ADX or MACD values
2025-06-19T12:49:13.459652 - [2025-06-19T12:49:13.457608] Exit blocked for TCS.NS: ADX+MACD: Missing ADX or MACD values
2025-06-19T12:49:13.586721 - [2025-06-19T12:49:13.585722] Exit blocked for SUNPHARMA.NS: ADX+MACD: Missing ADX or MACD values
2025-06-19T12:49:13.738321 - [2025-06-19T12:49:13.737325] Exit blocked for TCS.NS: ADX+MACD: Missing ADX or MACD values
2025-06-19T12:49:13.844418 - [2025-06-19T12:49:13.843341] Exit blocked for SUNPHARMA.NS: ADX+MACD: Missing ADX or MACD values
2025-06-19T12:49:13.984837 - [2025-06-19T12:49:13.983837] Exit blocked for TCS.NS: ADX+MACD: Missing ADX or MACD values
2025-06-19T12:49:14.140544 - [2025-06-19T12:49:14.138519] Exit blocked for SUNPHARMA.NS: ADX+MACD: Missing ADX or MACD values
2025-06-19T12:49:14.281630 - [2025-06-19T12:49:14.279630] Exit blocked for TCS.NS: ADX+MACD: Missing ADX or MACD values
2025-06-19T12:49:14.384806 - [2025-06-19T12:49:14.383318] Exit blocked for SUNPHARMA.NS: ADX+MACD: Missing ADX or MACD values
2025-06-19T12:49:14.496828 - [2025-06-19T12:49:14.495866] Exit blocked for TCS.NS: ADX+MACD: Missing ADX or MACD values
2025-06-19T12:49:14.614563 - [2025-06-19T12:49:14.613563] Exit blocked for SUNPHARMA.NS: ADX+MACD: Missing ADX or MACD values
2025-06-19T12:49:14.795713 - [2025-06-19T12:49:14.792711] Exit blocked for TCS.NS: ADX+MACD: Missing ADX or MACD values
2025-06-19T12:49:14.919683 - [2025-06-19T12:49:14.918679] Exit blocked for SUNPHARMA.NS: ADX+MACD: Missing ADX or MACD values
2025-06-19T12:49:15.054362 - [2025-06-19T12:49:15.052150] Exit blocked for TCS.NS: ADX+MACD: Missing ADX or MACD values
2025-06-19T12:49:15.167989 - [2025-06-19T12:49:15.166018] Exit blocked for SUNPHARMA.NS: ADX+MACD: Missing ADX or MACD values
2025-06-19T12:49:15.292808 - [2025-06-19T12:49:15.291812] Exit blocked for TCS.NS: ADX+MACD: Missing ADX or MACD values
2025-06-19T12:49:15.429307 - [2025-06-19T12:49:15.428312] Exit blocked for SUNPHARMA.NS: ADX+MACD: Missing ADX or MACD values
2025-06-19T12:49:15.568433 - [2025-06-19T12:49:15.566435] Exit blocked for TCS.NS: ADX+MACD: Missing ADX or MACD values
2025-06-19T12:49:15.691836 - [2025-06-19T12:49:15.690807] Exit blocked for SUNPHARMA.NS: ADX+MACD: Missing ADX or MACD values
2025-06-19T12:49:15.813211 - [2025-06-19T12:49:15.812007] Exit blocked for TCS.NS: ADX+MACD: Missing ADX or MACD values
2025-06-19T12:49:15.926987 - [2025-06-19T12:49:15.925474] Exit blocked for SUNPHARMA.NS: ADX+MACD: Missing ADX or MACD values
2025-06-19T12:49:16.075285 - [2025-06-19T12:49:16.073279] Exit blocked for TCS.NS: ADX+MACD: Missing ADX or MACD values
2025-06-19T12:49:16.217412 - [2025-06-19T12:49:16.215403] Exit blocked for SUNPHARMA.NS: ADX+MACD: Missing ADX or MACD values
2025-06-19T12:49:16.344698 - [2025-06-19T12:49:16.342695] Exit blocked for TCS.NS: ADX+MACD: Missing ADX or MACD values
2025-06-19T12:49:16.464467 - [2025-06-19T12:49:16.462071] Exit blocked for SUNPHARMA.NS: ADX+MACD: Missing ADX or MACD values
2025-06-19T12:49:16.625456 - [2025-06-19T12:49:16.624462] Exit blocked for TCS.NS: ADX+MACD: Missing ADX or MACD values
2025-06-19T12:49:16.727807 - [2025-06-19T12:49:16.727807] Exit blocked for SUNPHARMA.NS: ADX+MACD: Missing ADX or MACD values
2025-06-19T12:49:16.869002 - [2025-06-19T12:49:16.867482] Exit blocked for TCS.NS: ADX+MACD: Missing ADX or MACD values
2025-06-19T12:49:16.997488 - [2025-06-19T12:49:16.995475] Exit blocked for SUNPHARMA.NS: ADX+MACD: Missing ADX or MACD values
2025-06-19T12:49:17.117435 - [2025-06-19T12:49:17.115434] Exit blocked for TCS.NS: ADX+MACD: Missing ADX or MACD values
2025-06-19T12:49:17.247953 - [2025-06-19T12:49:17.245954] Exit blocked for SUNPHARMA.NS: ADX+MACD: Missing ADX or MACD values
2025-06-19T12:49:17.358586 - [2025-06-19T12:49:17.357588] Exit blocked for TCS.NS: ADX+MACD: Missing ADX or MACD values
2025-06-19T12:49:17.466250 - [2025-06-19T12:49:17.463290] Exit blocked for SUNPHARMA.NS: ADX+MACD: Missing ADX or MACD values
2025-06-19T12:49:17.580169 - [2025-06-19T12:49:17.579170] Exit blocked for TCS.NS: ADX+MACD: Missing ADX or MACD values
2025-06-19T12:49:17.698056 - [2025-06-19T12:49:17.696055] Exit blocked for SUNPHARMA.NS: ADX+MACD: Missing ADX or MACD values
2025-06-19T12:49:17.800543 - [2025-06-19T12:49:17.798541] Exit blocked for TCS.NS: ADX+MACD: Missing ADX or MACD values
2025-06-19T12:49:17.913276 - [2025-06-19T12:49:17.912234] Exit blocked for SUNPHARMA.NS: ADX+MACD: Missing ADX or MACD values
2025-06-19T12:49:18.025256 - [2025-06-19T12:49:18.024259] Exit blocked for TCS.NS: ADX+MACD: Missing ADX or MACD values
2025-06-19T12:50:08.934190 - [2025-06-19T12:50:08.932189] Exit blocked for TCS.NS: ADX+MACD: 
2025-06-19T12:50:36.509988 - [2025-06-19T12:50:36.507990] Exit blocked for SUNPHARMA.NS: ADX+MACD: 
2025-06-19T12:50:44.820783 - [2025-06-19T12:50:44.819789] Exit blocked for TCS.NS: ADX+MACD: 
2025-06-19T12:50:46.047626 - [2025-06-19T12:50:46.046633] Exit blocked for SUNPHARMA.NS: ADX+MACD: 
2025-06-19T12:50:47.508899 - [2025-06-19T12:50:47.507900] Exit blocked for TCS.NS: ADX+MACD: 
2025-06-19T12:51:27.334766 - [2025-06-19T12:51:27.333766] Exit blocked for SUNPHARMA.NS: ADX+MACD: 
2025-06-19T12:51:27.672616 - [2025-06-19T12:51:27.671318] Exit blocked for TCS.NS: ADX+MACD: 
2025-06-19T12:51:27.781674 - [2025-06-19T12:51:27.780674] Exit blocked for SUNPHARMA.NS: ADX+MACD: 
2025-06-19T12:51:27.898516 - [2025-06-19T12:51:27.897515] Exit blocked for TCS.NS: ADX+MACD: 
2025-06-19T12:51:28.005462 - [2025-06-19T12:51:28.004462] Exit blocked for SUNPHARMA.NS: ADX+MACD: 
2025-06-19T12:51:54.501562 - [2025-06-19T12:51:54.499330] Exit blocked for TCS.NS: ADX+MACD: 
2025-06-19T12:52:02.006085 - [2025-06-19T12:52:02.004106] Exit blocked for SUNPHARMA.NS: ADX+MACD: 
2025-06-19T12:52:10.311360 - [2025-06-19T12:52:10.309357] Exit blocked for TCS.NS: ADX+MACD: 
2025-06-19T12:52:10.465741 - [2025-06-19T12:52:10.463604] Exit blocked for SUNPHARMA.NS: ADX+MACD: 
2025-06-19T12:52:10.586476 - [2025-06-19T12:52:10.584475] Exit blocked for TCS.NS: ADX+MACD: 
2025-06-19T12:52:10.705682 - [2025-06-19T12:52:10.704682] Exit blocked for SUNPHARMA.NS: ADX+MACD: 
2025-06-19T12:52:10.810928 - [2025-06-19T12:52:10.809930] Exit blocked for TCS.NS: ADX+MACD: 
2025-06-19T12:52:10.938715 - [2025-06-19T12:52:10.937705] Exit blocked for SUNPHARMA.NS: ADX+MACD: 
2025-06-19T12:52:11.059861 - [2025-06-19T12:52:11.058854] Exit blocked for TCS.NS: ADX+MACD: 
2025-06-19T12:52:11.171526 - [2025-06-19T12:52:11.170527] Exit blocked for SUNPHARMA.NS: ADX+MACD: 
2025-06-19T12:52:11.290097 - [2025-06-19T12:52:11.288152] Exit blocked for TCS.NS: ADX+MACD: 
2025-06-19T12:52:11.438992 - [2025-06-19T12:52:11.438016] Exit blocked for SUNPHARMA.NS: ADX+MACD: 
2025-06-19T12:52:11.544124 - [2025-06-19T12:52:11.543084] Exit blocked for TCS.NS: ADX+MACD: 
2025-06-19T12:52:11.660215 - [2025-06-19T12:52:11.659212] Exit blocked for SUNPHARMA.NS: ADX+MACD: 
2025-06-19T12:52:11.759410 - [2025-06-19T12:52:11.757412] Exit blocked for TCS.NS: ADX+MACD: 
2025-06-19T12:52:11.875831 - [2025-06-19T12:52:11.874830] Exit blocked for SUNPHARMA.NS: ADX+MACD: 
2025-06-19T12:52:12.001835 - [2025-06-19T12:52:12.000835] Exit blocked for TCS.NS: ADX+MACD: 
2025-06-19T12:52:12.105193 - [2025-06-19T12:52:12.104192] Exit blocked for SUNPHARMA.NS: ADX+MACD: 
2025-06-19T12:52:12.422023 - [2025-06-19T12:52:12.420514] Exit blocked for TCS.NS: ADX+MACD: 
2025-06-19T12:52:12.572347 - [2025-06-19T12:52:12.570349] Exit blocked for SUNPHARMA.NS: ADX+MACD: 
2025-06-19T12:52:12.743153 - [2025-06-19T12:52:12.741153] Exit blocked for TCS.NS: ADX+MACD: 
2025-06-19T12:52:12.869414 - [2025-06-19T12:52:12.867429] Exit blocked for SUNPHARMA.NS: ADX+MACD: 
2025-06-19T12:52:13.018924 - [2025-06-19T12:52:13.017922] Exit blocked for TCS.NS: ADX+MACD: 
2025-06-19T12:52:13.132143 - [2025-06-19T12:52:13.131097] Exit blocked for SUNPHARMA.NS: ADX+MACD: 
2025-06-19T12:52:13.258556 - [2025-06-19T12:52:13.258033] Exit blocked for TCS.NS: ADX+MACD: 
