[2025-06-11 11:16:10] ⚠️ Holidays file not found at C:\Users\pratikhegde\OneDrive - Nagarro\Desktop\Pratik\short-trade-assistant\backend\assets\nse_holidays.csv. Downloading fresh copy…
[2025-06-11 11:16:35] ❌ Failed to download or read holidays file: download_nse_holidays() got an unexpected keyword argument 'destination'. Assuming market is open.
[2025-06-11 11:24:38] ⚠️ Holidays file not found at C:\Users\pratikhegde\OneDrive - Nagarro\Desktop\Pratik\short-trade-assistant\backend\assets\nse_holidays.csv. Downloading fresh copy…
[2025-06-11 11:24:42] ✅ Downloaded NSE holidays file. Retrying read_csv…
[2025-06-11 11:25:56] ❌ Failed to download or read holidays file: [Errno 2] No such file or directory: 'C:\\Users\\pratikhegde\\OneDrive - Nagarro\\Desktop\\Pratik\\short-trade-assistant\\backend\\assets\\nse_holidays.csv'. Assuming market is open.
[2025-06-11 11:30:03] ⚠️ Holidays file not found at C:\Users\pratikhegde\OneDrive - Nagarro\Desktop\Pratik\short-trade-assistant\backend\assets\nse_holidays.csv. Downloading fresh copy…
[2025-06-11 11:30:04] ⚠️ Holidays file not found at C:\Users\pratikhegde\OneDrive - Nagarro\Desktop\Pratik\short-trade-assistant\backend\assets\nse_holidays.csv. Downloading fresh copy…
[2025-06-11 11:30:05] ✅ Downloaded NSE holidays file. Retrying read_csv…
[2025-06-11 11:30:05] ❌ Failed to download or read holidays file: [Errno 2] No such file or directory: 'C:\\Users\\pratikhegde\\OneDrive - Nagarro\\Desktop\\Pratik\\short-trade-assistant\\backend\\assets\\nse_holidays.csv'. Assuming market is open.
[2025-06-11 11:30:06] ✅ Downloaded NSE holidays file. Retrying read_csv…
[2025-06-11 11:30:06] ❌ Failed to download or read holidays file: [Errno 2] No such file or directory: 'C:\\Users\\pratikhegde\\OneDrive - Nagarro\\Desktop\\Pratik\\short-trade-assistant\\backend\\assets\\nse_holidays.csv'. Assuming market is open.
[2025-06-11 11:30:06] ❌ Error in exit check routine: 'KiteExitDataProvider' object has no attribute 'config'
[2025-06-11 11:41:53] ⚠️ Holidays file not found at C:\Users\pratikhegde\OneDrive - Nagarro\Desktop\Pratik\short-trade-assistant\backend\assets\nse_holidays.csv. Downloading fresh copy…
[2025-06-11 11:42:49] ✅ Downloaded NSE holidays file. Retrying read_csv…
[2025-06-11 11:42:49] ❌ Failed to download or read holidays file: [Errno 2] No such file or directory: 'C:\\Users\\pratikhegde\\OneDrive - Nagarro\\Desktop\\Pratik\\short-trade-assistant\\backend\\assets\\nse_holidays.csv'. Assuming market is open.
[2025-06-11 11:50:25] ⚠️ Holidays file not found at C:\Users\pratikhegde\OneDrive - Nagarro\Desktop\Pratik\short-trade-assistant\backend\assets\nse_holidays.csv. Downloading fresh copy…
[2025-06-11 11:52:57] ✅ Downloaded NSE holidays file. Retrying read_csv…
[2025-06-11 11:52:57] ❌ Failed to download or read holidays file: [Errno 2] No such file or directory: 'C:\\Users\\pratikhegde\\OneDrive - Nagarro\\Desktop\\Pratik\\short-trade-assistant\\backend\\assets\\nse_holidays.csv'. Assuming market is open.
[2025-06-11 11:55:06] ⚠️ Holidays file not found at C:\Users\pratikhegde\OneDrive - Nagarro\Desktop\Pratik\short-trade-assistant\backend\assets\nse_holidays.csv. Downloading fresh copy…
[2025-06-11 11:56:18] ✅ Downloaded NSE holidays file. Retrying read_csv…
[2025-06-11 11:56:18] ❌ Failed to download or read holidays file: [Errno 2] No such file or directory: 'C:\\Users\\pratikhegde\\OneDrive - Nagarro\\Desktop\\Pratik\\short-trade-assistant\\backend\\assets\\nse_holidays.csv'. Assuming market is open.
[2025-06-11 12:00:15] ⚠️ Holidays file not found at C:\Users\pratikhegde\OneDrive - Nagarro\Desktop\Pratik\short-trade-assistant\backend\assets\nse_holidays.csv. Downloading fresh copy…
[2025-06-11 12:00:18] ✅ Downloaded NSE holidays file. Retrying read_csv…
[2025-06-11 12:00:18] ❌ Failed to download or read holidays file: [Errno 2] No such file or directory: 'C:\\Users\\pratikhegde\\OneDrive - Nagarro\\Desktop\\Pratik\\short-trade-assistant\\backend\\assets\\nse_holidays.csv'. Assuming market is open.
[2025-06-11 12:06:44] ⚠️ Holidays file not found at C:\Users\pratikhegde\OneDrive - Nagarro\Desktop\Pratik\short-trade-assistant\backend\assets\nse_holidays.csv. Downloading fresh copy…
[2025-06-11 12:06:49] ⚠️ Could not determine market status: [Errno 2] No such file or directory: 'C:\\Users\\pratikhegde\\OneDrive - Nagarro\\Desktop\\Pratik\\short-trade-assistant\\backend\\assets\\nse_holidays.csv'
[2025-06-11 12:10:00] ⚠️ Holidays file not found at C:\Users\pratikhegde\OneDrive - Nagarro\Desktop\Pratik\short-trade-assistant\backend\assets\nse_holidays.csv. Downloading fresh copy…
[2025-06-11 12:10:00] ⚠️ Could not determine market status: [Errno 2] No such file or directory: 'C:\\Users\\pratikhegde\\OneDrive - Nagarro\\Desktop\\Pratik\\short-trade-assistant\\backend\\assets\\nse_holidays.csv'
[2025-06-11 12:15:00] ⚠️ Holidays file not found at C:\Users\pratikhegde\OneDrive - Nagarro\Desktop\Pratik\short-trade-assistant\backend\assets\nse_holidays.csv. Downloading fresh copy…
[2025-06-11 12:15:00] ⚠️ Could not determine market status: [Errno 2] No such file or directory: 'C:\\Users\\pratikhegde\\OneDrive - Nagarro\\Desktop\\Pratik\\short-trade-assistant\\backend\\assets\\nse_holidays.csv'
[2025-06-11 12:20:00] ⚠️ Holidays file not found at C:\Users\pratikhegde\OneDrive - Nagarro\Desktop\Pratik\short-trade-assistant\backend\assets\nse_holidays.csv. Downloading fresh copy…
[2025-06-11 12:20:00] ⚠️ Could not determine market status: [Errno 2] No such file or directory: 'C:\\Users\\pratikhegde\\OneDrive - Nagarro\\Desktop\\Pratik\\short-trade-assistant\\backend\\assets\\nse_holidays.csv'
[2025-06-11 12:25:00] ⚠️ Holidays file not found at C:\Users\pratikhegde\OneDrive - Nagarro\Desktop\Pratik\short-trade-assistant\backend\assets\nse_holidays.csv. Downloading fresh copy…
[2025-06-11 12:25:00] ⚠️ Could not determine market status: [Errno 2] No such file or directory: 'C:\\Users\\pratikhegde\\OneDrive - Nagarro\\Desktop\\Pratik\\short-trade-assistant\\backend\\assets\\nse_holidays.csv'
[2025-06-11 12:30:00] ⚠️ Holidays file not found at C:\Users\pratikhegde\OneDrive - Nagarro\Desktop\Pratik\short-trade-assistant\backend\assets\nse_holidays.csv. Downloading fresh copy…
[2025-06-11 12:30:00] ⚠️ Could not determine market status: [Errno 2] No such file or directory: 'C:\\Users\\pratikhegde\\OneDrive - Nagarro\\Desktop\\Pratik\\short-trade-assistant\\backend\\assets\\nse_holidays.csv'
[2025-06-11 12:35:00] ⚠️ Holidays file not found at C:\Users\pratikhegde\OneDrive - Nagarro\Desktop\Pratik\short-trade-assistant\backend\assets\nse_holidays.csv. Downloading fresh copy…
[2025-06-11 12:35:00] ⚠️ Could not determine market status: [Errno 2] No such file or directory: 'C:\\Users\\pratikhegde\\OneDrive - Nagarro\\Desktop\\Pratik\\short-trade-assistant\\backend\\assets\\nse_holidays.csv'
[2025-06-11 12:40:00] ⚠️ Holidays file not found at C:\Users\pratikhegde\OneDrive - Nagarro\Desktop\Pratik\short-trade-assistant\backend\assets\nse_holidays.csv. Downloading fresh copy…
[2025-06-11 12:40:00] ⚠️ Could not determine market status: [Errno 2] No such file or directory: 'C:\\Users\\pratikhegde\\OneDrive - Nagarro\\Desktop\\Pratik\\short-trade-assistant\\backend\\assets\\nse_holidays.csv'
[2025-06-11 12:45:00] ⚠️ Holidays file not found at C:\Users\pratikhegde\OneDrive - Nagarro\Desktop\Pratik\short-trade-assistant\backend\assets\nse_holidays.csv. Downloading fresh copy…
[2025-06-11 12:45:00] ⚠️ Could not determine market status: [Errno 2] No such file or directory: 'C:\\Users\\pratikhegde\\OneDrive - Nagarro\\Desktop\\Pratik\\short-trade-assistant\\backend\\assets\\nse_holidays.csv'
[2025-06-11 12:50:00] ⚠️ Holidays file not found at C:\Users\pratikhegde\OneDrive - Nagarro\Desktop\Pratik\short-trade-assistant\backend\assets\nse_holidays.csv. Downloading fresh copy…
[2025-06-11 12:50:00] ⚠️ Could not determine market status: [Errno 2] No such file or directory: 'C:\\Users\\pratikhegde\\OneDrive - Nagarro\\Desktop\\Pratik\\short-trade-assistant\\backend\\assets\\nse_holidays.csv'
[2025-06-11 12:55:00] ⚠️ Holidays file not found at C:\Users\pratikhegde\OneDrive - Nagarro\Desktop\Pratik\short-trade-assistant\backend\assets\nse_holidays.csv. Downloading fresh copy…
[2025-06-11 12:55:01] ⚠️ Could not determine market status: [Errno 2] No such file or directory: 'C:\\Users\\pratikhegde\\OneDrive - Nagarro\\Desktop\\Pratik\\short-trade-assistant\\backend\\assets\\nse_holidays.csv'
[2025-06-11 13:00:00] ⚠️ Holidays file not found at C:\Users\pratikhegde\OneDrive - Nagarro\Desktop\Pratik\short-trade-assistant\backend\assets\nse_holidays.csv. Downloading fresh copy…
[2025-06-11 13:00:00] ⚠️ Could not determine market status: [Errno 2] No such file or directory: 'C:\\Users\\pratikhegde\\OneDrive - Nagarro\\Desktop\\Pratik\\short-trade-assistant\\backend\\assets\\nse_holidays.csv'
[2025-06-11 13:05:00] ⚠️ Holidays file not found at C:\Users\pratikhegde\OneDrive - Nagarro\Desktop\Pratik\short-trade-assistant\backend\assets\nse_holidays.csv. Downloading fresh copy…
[2025-06-11 13:05:00] ⚠️ Could not determine market status: [Errno 2] No such file or directory: 'C:\\Users\\pratikhegde\\OneDrive - Nagarro\\Desktop\\Pratik\\short-trade-assistant\\backend\\assets\\nse_holidays.csv'
[2025-06-11 13:10:00] ⚠️ Holidays file not found at C:\Users\pratikhegde\OneDrive - Nagarro\Desktop\Pratik\short-trade-assistant\backend\assets\nse_holidays.csv. Downloading fresh copy…
[2025-06-11 13:10:00] ⚠️ Could not determine market status: [Errno 2] No such file or directory: 'C:\\Users\\pratikhegde\\OneDrive - Nagarro\\Desktop\\Pratik\\short-trade-assistant\\backend\\assets\\nse_holidays.csv'
[2025-06-11 13:15:00] ⚠️ Holidays file not found at C:\Users\pratikhegde\OneDrive - Nagarro\Desktop\Pratik\short-trade-assistant\backend\assets\nse_holidays.csv. Downloading fresh copy…
[2025-06-11 13:15:00] ⚠️ Could not determine market status: [Errno 2] No such file or directory: 'C:\\Users\\pratikhegde\\OneDrive - Nagarro\\Desktop\\Pratik\\short-trade-assistant\\backend\\assets\\nse_holidays.csv'
[2025-06-11 13:20:00] ⚠️ Holidays file not found at C:\Users\pratikhegde\OneDrive - Nagarro\Desktop\Pratik\short-trade-assistant\backend\assets\nse_holidays.csv. Downloading fresh copy…
[2025-06-11 13:20:01] ⚠️ Could not determine market status: [Errno 2] No such file or directory: 'C:\\Users\\pratikhegde\\OneDrive - Nagarro\\Desktop\\Pratik\\short-trade-assistant\\backend\\assets\\nse_holidays.csv'
[2025-06-11 13:25:00] ⚠️ Holidays file not found at C:\Users\pratikhegde\OneDrive - Nagarro\Desktop\Pratik\short-trade-assistant\backend\assets\nse_holidays.csv. Downloading fresh copy…
[2025-06-11 13:25:00] ⚠️ Could not determine market status: [Errno 2] No such file or directory: 'C:\\Users\\pratikhegde\\OneDrive - Nagarro\\Desktop\\Pratik\\short-trade-assistant\\backend\\assets\\nse_holidays.csv'
[2025-06-11 13:30:00] ⚠️ Holidays file not found at C:\Users\pratikhegde\OneDrive - Nagarro\Desktop\Pratik\short-trade-assistant\backend\assets\nse_holidays.csv. Downloading fresh copy…
[2025-06-11 13:30:01] ⚠️ Could not determine market status: [Errno 2] No such file or directory: 'C:\\Users\\pratikhegde\\OneDrive - Nagarro\\Desktop\\Pratik\\short-trade-assistant\\backend\\assets\\nse_holidays.csv'
[2025-06-11 13:35:13] ⚠️ Holidays file not found at C:\Users\pratikhegde\OneDrive - Nagarro\Desktop\Pratik\short-trade-assistant\backend\assets\nse_holidays.csv. Downloading fresh copy…
[2025-06-11 13:35:22] ⚠️ Could not determine market status: [Errno 2] No such file or directory: 'C:\\Users\\pratikhegde\\OneDrive - Nagarro\\Desktop\\Pratik\\short-trade-assistant\\backend\\assets\\nse_holidays.csv'
[2025-06-11 13:40:00] ⚠️ Holidays file not found at C:\Users\pratikhegde\OneDrive - Nagarro\Desktop\Pratik\short-trade-assistant\backend\assets\nse_holidays.csv. Downloading fresh copy…
[2025-06-11 13:40:01] ❌ Could not fetch holidays; assuming market is open.
[2025-06-11 13:45:07] ⚠️ Holidays file not found at C:\Users\pratikhegde\OneDrive - Nagarro\Desktop\Pratik\short-trade-assistant\backend\assets\nse_holidays.json. Downloading fresh copy…
[2025-06-11 13:45:07] ⚠️ Could not determine market status: [Errno 2] No such file or directory: 'C:\\Users\\pratikhegde\\OneDrive - Nagarro\\Desktop\\Pratik\\short-trade-assistant\\backend\\assets\\nse_holidays.json'
[2025-06-11 13:49:20] ⚠️ Holidays file not found at C:\Users\pratikhegde\OneDrive - Nagarro\Desktop\Pratik\short-trade-assistant\backend\assets\nse_holidays.json. Downloading fresh copy…
[2025-06-11 13:49:21] ⚠️ Could not determine market status: [Errno 2] No such file or directory: 'C:\\Users\\pratikhegde\\OneDrive - Nagarro\\Desktop\\Pratik\\short-trade-assistant\\backend\\assets\\nse_holidays.json'
[2025-06-11 13:49:21] 📅 Market inactive — skipping exit check.
[2025-06-11 13:50:00] ⚠️ Holidays file not found at C:\Users\pratikhegde\OneDrive - Nagarro\Desktop\Pratik\short-trade-assistant\backend\assets\nse_holidays.json. Downloading fresh copy…
[2025-06-11 13:50:00] ⚠️ Could not determine market status: [Errno 2] No such file or directory: 'C:\\Users\\pratikhegde\\OneDrive - Nagarro\\Desktop\\Pratik\\short-trade-assistant\\backend\\assets\\nse_holidays.json'
[2025-06-11 13:55:00] ⚠️ Holidays file not found at C:\Users\pratikhegde\OneDrive - Nagarro\Desktop\Pratik\short-trade-assistant\backend\assets\nse_holidays.json. Downloading fresh copy…
[2025-06-11 13:55:00] ⚠️ Could not determine market status: [Errno 2] No such file or directory: 'C:\\Users\\pratikhegde\\OneDrive - Nagarro\\Desktop\\Pratik\\short-trade-assistant\\backend\\assets\\nse_holidays.json'
[2025-06-11 14:00:00] ⚠️ Holidays file not found at C:\Users\pratikhegde\OneDrive - Nagarro\Desktop\Pratik\short-trade-assistant\backend\assets\nse_holidays.json. Downloading fresh copy…
[2025-06-11 14:00:00] ⚠️ Holidays file not found at C:\Users\pratikhegde\OneDrive - Nagarro\Desktop\Pratik\short-trade-assistant\backend\assets\nse_holidays.json. Downloading fresh copy…
[2025-06-11 14:00:00] ⚠️ Could not determine market status: [Errno 2] No such file or directory: 'C:\\Users\\pratikhegde\\OneDrive - Nagarro\\Desktop\\Pratik\\short-trade-assistant\\backend\\assets\\nse_holidays.json'
[2025-06-11 14:00:00] ⚠️ Could not determine market status: [Errno 2] No such file or directory: 'C:\\Users\\pratikhegde\\OneDrive - Nagarro\\Desktop\\Pratik\\short-trade-assistant\\backend\\assets\\nse_holidays.json'
[2025-06-11 14:00:00] 📅 Market inactive — skipping trading cycle.
[2025-06-11 14:05:00] ⚠️ Holidays file not found at C:\Users\pratikhegde\OneDrive - Nagarro\Desktop\Pratik\short-trade-assistant\backend\assets\nse_holidays.json. Downloading fresh copy…
[2025-06-11 14:05:00] ⚠️ Could not determine market status: [Errno 2] No such file or directory: 'C:\\Users\\pratikhegde\\OneDrive - Nagarro\\Desktop\\Pratik\\short-trade-assistant\\backend\\assets\\nse_holidays.json'
[2025-06-11 14:10:00] ⚠️ Holidays file not found at C:\Users\pratikhegde\OneDrive - Nagarro\Desktop\Pratik\short-trade-assistant\backend\assets\nse_holidays.json. Downloading fresh copy…
[2025-06-11 14:10:00] ⚠️ Could not determine market status: [Errno 2] No such file or directory: 'C:\\Users\\pratikhegde\\OneDrive - Nagarro\\Desktop\\Pratik\\short-trade-assistant\\backend\\assets\\nse_holidays.json'
[2025-06-11 14:15:00] ⚠️ Holidays file not found at C:\Users\pratikhegde\OneDrive - Nagarro\Desktop\Pratik\short-trade-assistant\backend\assets\nse_holidays.json. Downloading fresh copy…
[2025-06-11 14:15:00] ⚠️ Could not determine market status: [Errno 2] No such file or directory: 'C:\\Users\\pratikhegde\\OneDrive - Nagarro\\Desktop\\Pratik\\short-trade-assistant\\backend\\assets\\nse_holidays.json'
[2025-06-11 14:20:00] ⚠️ Holidays file not found at C:\Users\pratikhegde\OneDrive - Nagarro\Desktop\Pratik\short-trade-assistant\backend\assets\nse_holidays.json. Downloading fresh copy…
[2025-06-11 14:20:01] ⚠️ Could not determine market status: [Errno 2] No such file or directory: 'C:\\Users\\pratikhegde\\OneDrive - Nagarro\\Desktop\\Pratik\\short-trade-assistant\\backend\\assets\\nse_holidays.json'
[2025-06-11 14:25:00] ⚠️ Holidays file not found at C:\Users\pratikhegde\OneDrive - Nagarro\Desktop\Pratik\short-trade-assistant\backend\assets\nse_holidays.json. Downloading fresh copy…
[2025-06-11 14:25:00] ⚠️ Could not determine market status: [Errno 2] No such file or directory: 'C:\\Users\\pratikhegde\\OneDrive - Nagarro\\Desktop\\Pratik\\short-trade-assistant\\backend\\assets\\nse_holidays.json'
[2025-06-11 14:30:00] ⚠️ Holidays file not found at C:\Users\pratikhegde\OneDrive - Nagarro\Desktop\Pratik\short-trade-assistant\backend\assets\nse_holidays.json. Downloading fresh copy…
[2025-06-11 14:30:01] ⚠️ Could not determine market status: [Errno 2] No such file or directory: 'C:\\Users\\pratikhegde\\OneDrive - Nagarro\\Desktop\\Pratik\\short-trade-assistant\\backend\\assets\\nse_holidays.json'
[2025-06-12 15:47:21] ⚠️ Holidays file not found at C:\Users\pratikhegde\OneDrive - Nagarro\Desktop\Pratik\short-trade-assistant\backend\assets\nse_holidays.json. Downloading fresh copy…
[2025-06-12 15:47:26] ⚠️ Could not determine market status: [Errno 2] No such file or directory: 'C:\\Users\\pratikhegde\\OneDrive - Nagarro\\Desktop\\Pratik\\short-trade-assistant\\backend\\assets\\nse_holidays.json'
[2025-06-12 15:50:00] ⚠️ Holidays file not found at C:\Users\pratikhegde\OneDrive - Nagarro\Desktop\Pratik\short-trade-assistant\backend\assets\nse_holidays.json. Downloading fresh copy…
[2025-06-12 15:50:01] ⚠️ Could not determine market status: [Errno 2] No such file or directory: 'C:\\Users\\pratikhegde\\OneDrive - Nagarro\\Desktop\\Pratik\\short-trade-assistant\\backend\\assets\\nse_holidays.json'
[2025-06-12 15:55:00] ⚠️ Holidays file not found at C:\Users\pratikhegde\OneDrive - Nagarro\Desktop\Pratik\short-trade-assistant\backend\assets\nse_holidays.json. Downloading fresh copy…
[2025-06-12 15:55:01] ⚠️ Could not determine market status: [Errno 2] No such file or directory: 'C:\\Users\\pratikhegde\\OneDrive - Nagarro\\Desktop\\Pratik\\short-trade-assistant\\backend\\assets\\nse_holidays.json'
[2025-06-12 16:00:00] ⚠️ Holidays file not found at C:\Users\pratikhegde\OneDrive - Nagarro\Desktop\Pratik\short-trade-assistant\backend\assets\nse_holidays.json. Downloading fresh copy…
[2025-06-12 16:00:03] ⚠️ Could not determine market status: [Errno 2] No such file or directory: 'C:\\Users\\pratikhegde\\OneDrive - Nagarro\\Desktop\\Pratik\\short-trade-assistant\\backend\\assets\\nse_holidays.json'
[2025-06-12 16:05:00] ⚠️ Holidays file not found at C:\Users\pratikhegde\OneDrive - Nagarro\Desktop\Pratik\short-trade-assistant\backend\assets\nse_holidays.json. Downloading fresh copy…
[2025-06-12 16:05:01] ⚠️ Could not determine market status: [Errno 2] No such file or directory: 'C:\\Users\\pratikhegde\\OneDrive - Nagarro\\Desktop\\Pratik\\short-trade-assistant\\backend\\assets\\nse_holidays.json'
[2025-06-12 16:10:00] ⚠️ Holidays file not found at C:\Users\pratikhegde\OneDrive - Nagarro\Desktop\Pratik\short-trade-assistant\backend\assets\nse_holidays.json. Downloading fresh copy…
[2025-06-12 16:10:01] ⚠️ Could not determine market status: [Errno 2] No such file or directory: 'C:\\Users\\pratikhegde\\OneDrive - Nagarro\\Desktop\\Pratik\\short-trade-assistant\\backend\\assets\\nse_holidays.json'
[2025-06-12 16:15:00] ⚠️ Holidays file not found at C:\Users\pratikhegde\OneDrive - Nagarro\Desktop\Pratik\short-trade-assistant\backend\assets\nse_holidays.json. Downloading fresh copy…
[2025-06-12 16:15:04] ⚠️ Could not determine market status: [Errno 2] No such file or directory: 'C:\\Users\\pratikhegde\\OneDrive - Nagarro\\Desktop\\Pratik\\short-trade-assistant\\backend\\assets\\nse_holidays.json'
[2025-06-12 16:20:00] ⚠️ Holidays file not found at C:\Users\pratikhegde\OneDrive - Nagarro\Desktop\Pratik\short-trade-assistant\backend\assets\nse_holidays.json. Downloading fresh copy…
[2025-06-12 16:20:01] ⚠️ Could not determine market status: [Errno 2] No such file or directory: 'C:\\Users\\pratikhegde\\OneDrive - Nagarro\\Desktop\\Pratik\\short-trade-assistant\\backend\\assets\\nse_holidays.json'
[2025-06-12 16:25:00] ⚠️ Holidays file not found at C:\Users\pratikhegde\OneDrive - Nagarro\Desktop\Pratik\short-trade-assistant\backend\assets\nse_holidays.json. Downloading fresh copy…
[2025-06-12 16:25:02] ⚠️ Could not determine market status: [Errno 2] No such file or directory: 'C:\\Users\\pratikhegde\\OneDrive - Nagarro\\Desktop\\Pratik\\short-trade-assistant\\backend\\assets\\nse_holidays.json'
[2025-06-12 16:30:00] ⚠️ Holidays file not found at C:\Users\pratikhegde\OneDrive - Nagarro\Desktop\Pratik\short-trade-assistant\backend\assets\nse_holidays.json. Downloading fresh copy…
[2025-06-12 16:30:02] ⚠️ Could not determine market status: [Errno 2] No such file or directory: 'C:\\Users\\pratikhegde\\OneDrive - Nagarro\\Desktop\\Pratik\\short-trade-assistant\\backend\\assets\\nse_holidays.json'
[2025-06-12 16:35:00] ⚠️ Holidays file not found at C:\Users\pratikhegde\OneDrive - Nagarro\Desktop\Pratik\short-trade-assistant\backend\assets\nse_holidays.json. Downloading fresh copy…
[2025-06-12 16:35:03] ⚠️ Could not determine market status: [Errno 2] No such file or directory: 'C:\\Users\\pratikhegde\\OneDrive - Nagarro\\Desktop\\Pratik\\short-trade-assistant\\backend\\assets\\nse_holidays.json'
[2025-06-12 16:40:00] ⚠️ Holidays file not found at C:\Users\pratikhegde\OneDrive - Nagarro\Desktop\Pratik\short-trade-assistant\backend\assets\nse_holidays.json. Downloading fresh copy…
[2025-06-12 16:40:01] ⚠️ Could not determine market status: [Errno 2] No such file or directory: 'C:\\Users\\pratikhegde\\OneDrive - Nagarro\\Desktop\\Pratik\\short-trade-assistant\\backend\\assets\\nse_holidays.json'
[2025-06-12 16:45:00] ⚠️ Holidays file not found at C:\Users\pratikhegde\OneDrive - Nagarro\Desktop\Pratik\short-trade-assistant\backend\assets\nse_holidays.json. Downloading fresh copy…
[2025-06-12 16:45:01] ⚠️ Could not determine market status: [Errno 2] No such file or directory: 'C:\\Users\\pratikhegde\\OneDrive - Nagarro\\Desktop\\Pratik\\short-trade-assistant\\backend\\assets\\nse_holidays.json'
[2025-06-12 16:50:00] ⚠️ Holidays file not found at C:\Users\pratikhegde\OneDrive - Nagarro\Desktop\Pratik\short-trade-assistant\backend\assets\nse_holidays.json. Downloading fresh copy…
[2025-06-12 16:50:02] ⚠️ Could not determine market status: [Errno 2] No such file or directory: 'C:\\Users\\pratikhegde\\OneDrive - Nagarro\\Desktop\\Pratik\\short-trade-assistant\\backend\\assets\\nse_holidays.json'
[2025-06-12 16:55:00] ⚠️ Holidays file not found at C:\Users\pratikhegde\OneDrive - Nagarro\Desktop\Pratik\short-trade-assistant\backend\assets\nse_holidays.json. Downloading fresh copy…
[2025-06-12 16:55:01] ⚠️ Could not determine market status: [Errno 2] No such file or directory: 'C:\\Users\\pratikhegde\\OneDrive - Nagarro\\Desktop\\Pratik\\short-trade-assistant\\backend\\assets\\nse_holidays.json'
[2025-06-12 17:00:00] ⚠️ Holidays file not found at C:\Users\pratikhegde\OneDrive - Nagarro\Desktop\Pratik\short-trade-assistant\backend\assets\nse_holidays.json. Downloading fresh copy…
[2025-06-12 17:00:04] ⚠️ Could not determine market status: [Errno 2] No such file or directory: 'C:\\Users\\pratikhegde\\OneDrive - Nagarro\\Desktop\\Pratik\\short-trade-assistant\\backend\\assets\\nse_holidays.json'
[2025-06-12 17:05:00] ⚠️ Holidays file not found at C:\Users\pratikhegde\OneDrive - Nagarro\Desktop\Pratik\short-trade-assistant\backend\assets\nse_holidays.json. Downloading fresh copy…
[2025-06-12 17:05:01] ⚠️ Could not determine market status: [Errno 2] No such file or directory: 'C:\\Users\\pratikhegde\\OneDrive - Nagarro\\Desktop\\Pratik\\short-trade-assistant\\backend\\assets\\nse_holidays.json'
[2025-06-12 17:10:04] ⚠️ Holidays file not found at C:\Users\pratikhegde\OneDrive - Nagarro\Desktop\Pratik\short-trade-assistant\backend\assets\nse_holidays.json. Downloading fresh copy…
[2025-06-12 17:10:06] Market status at 17:10:04.729701: Closed
[2025-06-12 17:15:00] Market status at 17:15:00.015959: Closed
[2025-06-12 17:20:00] Market status at 17:20:00.015272: Closed
[2025-06-12 17:25:00] Market status at 17:25:00.005470: Closed
[2025-06-12 17:30:00] Market status at 17:30:00.006522: Closed
